<?xml version="1.0" encoding="UTF-8"?>
<robot generator="Robot 7.0.1 (Python 3.12.5 on win32)" generated="2024-10-07T20:28:37.844665" rpa="false" schemaversion="5">
<suite id="s1" name="Cadastrar Usuario" source="C:\Users\sandr\Downloads\cristian\QACoders\Academy\Robot-API\API\testes\cadastrar_usuario.robot">
<test id="s1-t1" name="Validar Login com Sucesso" line="17">
<kw name="Realizar Login">
<kw name="Create Dictionary" owner="BuiltIn">
<msg time="2024-10-07T20:28:38.363705" level="INFO">${body} = {'mail': 'sysadmin@qacoders.com', 'password': '1234@Test'}</msg>
<var>${body}</var>
<arg>mail=${email_admin}</arg>
<arg>password=${senha_admin}</arg>
<doc>Creates and returns a dictionary based on the given ``items``.</doc>
<status status="PASS" start="2024-10-07T20:28:38.363705" elapsed="0.000000"/>
</kw>
<kw name="Criar sessao">
<kw name="Create Dictionary" owner="BuiltIn">
<msg time="2024-10-07T20:28:38.364701" level="INFO">${headers} = {'accept': 'application/json', 'Content-Type': 'application/json'}</msg>
<var>${headers}</var>
<arg>accept=application/json</arg>
<arg>Content-Type=application/json</arg>
<doc>Creates and returns a dictionary based on the given ``items``.</doc>
<status status="PASS" start="2024-10-07T20:28:38.364701" elapsed="0.000000"/>
</kw>
<kw name="Create Session" owner="RequestsLibrary">
<msg time="2024-10-07T20:28:38.365699" level="INFO">Creating Session using : alias=develop, url=https://lost.qacoders.dev.br/api, headers={'accept': 'application/json', 'Content-Type': 'application/json'},                     cookies={}, auth=None, timeout=None, proxies=None, verify=True,                     debug=0 </msg>
<arg>alias=develop</arg>
<arg>url=${baseUrl}</arg>
<arg>headers=${headers}</arg>
<arg>verify=true</arg>
<doc>Create Session: create a HTTP session to a server</doc>
<status status="PASS" start="2024-10-07T20:28:38.364701" elapsed="0.000998"/>
</kw>
<status status="PASS" start="2024-10-07T20:28:38.363705" elapsed="0.001994"/>
</kw>
<kw name="POST On Session" owner="RequestsLibrary">
<msg time="2024-10-07T20:28:39.663469" level="INFO">POST Request : url=https://lost.qacoders.dev.br/api/login 
 path_url=/api/login 
 headers={'User-Agent': 'python-requests/2.32.3', 'Accept-Encoding': 'gzip, deflate', 'accept': 'application/json', 'Connection': 'keep-alive', 'Content-Type': 'application/json', 'Content-Length': '58'} 
 body=b'{"mail": "sysadmin@qacoders.com", "password": "1234@Test"}' 
 </msg>
<msg time="2024-10-07T20:28:39.663469" level="INFO">POST Response : url=https://lost.qacoders.dev.br/api/login 
 status=200, reason=OK 
 headers={'Server': 'nginx/1.18.0 (Ubuntu)', 'Date': 'Mon, 07 Oct 2024 23:28:35 GMT', 'Content-Type': 'application/json; charset=utf-8', 'Transfer-Encoding': 'chunked', 'Connection': 'keep-alive', 'X-Powered-By': 'Express', 'Access-Control-Allow-Origin': '*', 'Access-Control-Allow-Methods': 'GET, POST, OPTIONS, PUT, PATCH, DELETE', 'Access-Control-Allow-Headers': 'Origin, X-Requested-With, Content-Type, Accept, Authorization', 'ETag': 'W/"534-AAW/cn6C4X+AJ/r2DapZMpLK10Q"', 'Content-Encoding': 'gzip'} 
 body={"msg":"Olá Qa-Coders-SYSADMIN, autenticação autorizada com sucesso!","user":{"_id":"66db5da6414c5c627622d6ef","fullName":"Qa-Coders-SYSADMIN","mail":"sysadmin@qacoders.com","password":"$2b$10$l1u04qYrgwXyF4sJFuHDO.svwyeIX93O7XW0FZ.f6jtXCym0LUnmC","accessProfile":"SYSADMIN","cpf":"11111111111","status":true,"audit":[{"registeredBy":{"userId":"111111111111111111","userLogin":"sysadmin@qacoders.com"},"registrationDate":"sexta-feira, 06/09/2024, 16:53:10 BRT","registrationNumber":"01","companyId":"Qa.Coders","_id":"66db5da6414c5c627622d6f0"}],"__v":0},"token":"eyJhbGciOiJIUzI1NiIsInR5cCI6IkpXVCJ9.eyJfaWQiOiI2NmRiNWRhNjQxNGM1YzYyNzYyMmQ2ZWYiLCJmdWxsTmFtZSI6IlFhLUNvZGVycy1TWVNBRE1JTiIsIm1haWwiOiJzeXNhZG1pbkBxYWNvZGVycy5jb20iLCJwYXNzd29yZCI6IiQyYiQxMCRsMXUwNHFZcmd3WHlGNHNKRnVIRE8uc3Z3eWVJWDkzTzdYVzBGWi5mNmp0WEN5bTBMVW5tQyIsImFjY2Vzc1Byb2ZpbGUiOiJTWVNBRE1JTiIsImNwZiI6IjExMTExMTExMTExIiwic3RhdHVzIjp0cnVlLCJhdWRpdCI6W3sicmVnaXN0ZXJlZEJ5Ijp7InVzZXJJZCI6IjExMTExMTExMTExMTExMTExMSIsInVzZXJMb2dpbiI6InN5c2FkbWluQHFhY29kZXJzLmNvbSJ9LCJyZWdpc3RyYXRpb25EYXRlIjoic2V4dGEtZmVpcmEsIDA2LzA5LzIwMjQsIDE2OjUzOjEwIEJSVCIsInJlZ2lzdHJhdGlvbk51bWJlciI6IjAxIiwiY29tcGFueUlkIjoiUWEuQ29kZXJzIiwiX2lkIjoiNjZkYjVkYTY0MTRjNWM2Mjc2MjJkNmYwIn1dLCJfX3YiOjAsImlhdCI6MTcyODM0MzcxNSwiZXhwIjoxNzI4NDMwMTE1fQ.bLrwaCdRntwJPJL2c7AFb25jAxToyGW_M2CI9BvPkq8"} 
 </msg>
<msg time="2024-10-07T20:28:39.664462" level="INFO">${resposta} = &lt;Response [200]&gt;</msg>
<var>${resposta}</var>
<arg>alias=develop</arg>
<arg>url=/login</arg>
<arg>json=${body}</arg>
<arg>expected_status=200</arg>
<doc>Sends a POST request on a previously created HTTP Session.</doc>
<status status="PASS" start="2024-10-07T20:28:38.365699" elapsed="1.298763"/>
</kw>
<kw name="Log" owner="BuiltIn">
<msg time="2024-10-07T20:28:39.664462" level="INFO">&lt;Response [200]&gt;</msg>
<arg>${resposta}</arg>
<doc>Logs the given message with the given level.</doc>
<status status="PASS" start="2024-10-07T20:28:39.664462" elapsed="0.000997"/>
</kw>
<kw name="Log" owner="BuiltIn">
<msg time="2024-10-07T20:28:39.666456" level="INFO">eyJhbGciOiJIUzI1NiIsInR5cCI6IkpXVCJ9.eyJfaWQiOiI2NmRiNWRhNjQxNGM1YzYyNzYyMmQ2ZWYiLCJmdWxsTmFtZSI6IlFhLUNvZGVycy1TWVNBRE1JTiIsIm1haWwiOiJzeXNhZG1pbkBxYWNvZGVycy5jb20iLCJwYXNzd29yZCI6IiQyYiQxMCRsMXUwNHFZcmd3WHlGNHNKRnVIRE8uc3Z3eWVJWDkzTzdYVzBGWi5mNmp0WEN5bTBMVW5tQyIsImFjY2Vzc1Byb2ZpbGUiOiJTWVNBRE1JTiIsImNwZiI6IjExMTExMTExMTExIiwic3RhdHVzIjp0cnVlLCJhdWRpdCI6W3sicmVnaXN0ZXJlZEJ5Ijp7InVzZXJJZCI6IjExMTExMTExMTExMTExMTExMSIsInVzZXJMb2dpbiI6InN5c2FkbWluQHFhY29kZXJzLmNvbSJ9LCJyZWdpc3RyYXRpb25EYXRlIjoic2V4dGEtZmVpcmEsIDA2LzA5LzIwMjQsIDE2OjUzOjEwIEJSVCIsInJlZ2lzdHJhdGlvbk51bWJlciI6IjAxIiwiY29tcGFueUlkIjoiUWEuQ29kZXJzIiwiX2lkIjoiNjZkYjVkYTY0MTRjNWM2Mjc2MjJkNmYwIn1dLCJfX3YiOjAsImlhdCI6MTcyODM0MzcxNSwiZXhwIjoxNzI4NDMwMTE1fQ.bLrwaCdRntwJPJL2c7AFb25jAxToyGW_M2CI9BvPkq8</msg>
<arg>${resposta.json()['token']}</arg>
<doc>Logs the given message with the given level.</doc>
<status status="PASS" start="2024-10-07T20:28:39.665459" elapsed="0.000997"/>
</kw>
<kw name="Status Should Be" owner="RequestsLibrary">
<arg>200</arg>
<arg>${resposta}</arg>
<doc>Fails if response status code is different than the expected.</doc>
<status status="PASS" start="2024-10-07T20:28:39.666456" elapsed="0.000992"/>
</kw>
<return>
<value>${resposta.json()['token']}</value>
<status status="PASS" start="2024-10-07T20:28:39.667448" elapsed="0.000000"/>
</return>
<status status="PASS" start="2024-10-07T20:28:38.362704" elapsed="1.305810"/>
</kw>
<status status="PASS" start="2024-10-07T20:28:38.362010" elapsed="1.307431"/>
</test>
<test id="s1-t2" name="Criar usuario" line="19">
<kw name="Criar usuario">
<kw name="Realizar Login">
<kw name="Create Dictionary" owner="BuiltIn">
<msg time="2024-10-07T20:28:39.673427" level="INFO">${body} = {'mail': 'sysadmin@qacoders.com', 'password': '1234@Test'}</msg>
<var>${body}</var>
<arg>mail=${email_admin}</arg>
<arg>password=${senha_admin}</arg>
<doc>Creates and returns a dictionary based on the given ``items``.</doc>
<status status="PASS" start="2024-10-07T20:28:39.673427" elapsed="0.000000"/>
</kw>
<kw name="Criar sessao">
<kw name="Create Dictionary" owner="BuiltIn">
<msg time="2024-10-07T20:28:39.674423" level="INFO">${headers} = {'accept': 'application/json', 'Content-Type': 'application/json'}</msg>
<var>${headers}</var>
<arg>accept=application/json</arg>
<arg>Content-Type=application/json</arg>
<doc>Creates and returns a dictionary based on the given ``items``.</doc>
<status status="PASS" start="2024-10-07T20:28:39.674423" elapsed="0.000000"/>
</kw>
<kw name="Create Session" owner="RequestsLibrary">
<msg time="2024-10-07T20:28:39.675420" level="INFO">Creating Session using : alias=develop, url=https://lost.qacoders.dev.br/api, headers={'accept': 'application/json', 'Content-Type': 'application/json'},                     cookies={}, auth=None, timeout=None, proxies=None, verify=True,                     debug=0 </msg>
<arg>alias=develop</arg>
<arg>url=${baseUrl}</arg>
<arg>headers=${headers}</arg>
<arg>verify=true</arg>
<doc>Create Session: create a HTTP session to a server</doc>
<status status="PASS" start="2024-10-07T20:28:39.674423" elapsed="0.000997"/>
</kw>
<status status="PASS" start="2024-10-07T20:28:39.673427" elapsed="0.002990"/>
</kw>
<kw name="POST On Session" owner="RequestsLibrary">
<msg time="2024-10-07T20:28:39.861726" level="INFO">POST Request : url=https://lost.qacoders.dev.br/api/login 
 path_url=/api/login 
 headers={'User-Agent': 'python-requests/2.32.3', 'Accept-Encoding': 'gzip, deflate', 'accept': 'application/json', 'Connection': 'keep-alive', 'Content-Type': 'application/json', 'Content-Length': '58'} 
 body=b'{"mail": "sysadmin@qacoders.com", "password": "1234@Test"}' 
 </msg>
<msg time="2024-10-07T20:28:39.861726" level="INFO">POST Response : url=https://lost.qacoders.dev.br/api/login 
 status=200, reason=OK 
 headers={'Server': 'nginx/1.18.0 (Ubuntu)', 'Date': 'Mon, 07 Oct 2024 23:28:35 GMT', 'Content-Type': 'application/json; charset=utf-8', 'Transfer-Encoding': 'chunked', 'Connection': 'keep-alive', 'X-Powered-By': 'Express', 'Access-Control-Allow-Origin': '*', 'Access-Control-Allow-Methods': 'GET, POST, OPTIONS, PUT, PATCH, DELETE', 'Access-Control-Allow-Headers': 'Origin, X-Requested-With, Content-Type, Accept, Authorization', 'ETag': 'W/"534-AAW/cn6C4X+AJ/r2DapZMpLK10Q"', 'Content-Encoding': 'gzip'} 
 body={"msg":"Olá Qa-Coders-SYSADMIN, autenticação autorizada com sucesso!","user":{"_id":"66db5da6414c5c627622d6ef","fullName":"Qa-Coders-SYSADMIN","mail":"sysadmin@qacoders.com","password":"$2b$10$l1u04qYrgwXyF4sJFuHDO.svwyeIX93O7XW0FZ.f6jtXCym0LUnmC","accessProfile":"SYSADMIN","cpf":"11111111111","status":true,"audit":[{"registeredBy":{"userId":"111111111111111111","userLogin":"sysadmin@qacoders.com"},"registrationDate":"sexta-feira, 06/09/2024, 16:53:10 BRT","registrationNumber":"01","companyId":"Qa.Coders","_id":"66db5da6414c5c627622d6f0"}],"__v":0},"token":"eyJhbGciOiJIUzI1NiIsInR5cCI6IkpXVCJ9.eyJfaWQiOiI2NmRiNWRhNjQxNGM1YzYyNzYyMmQ2ZWYiLCJmdWxsTmFtZSI6IlFhLUNvZGVycy1TWVNBRE1JTiIsIm1haWwiOiJzeXNhZG1pbkBxYWNvZGVycy5jb20iLCJwYXNzd29yZCI6IiQyYiQxMCRsMXUwNHFZcmd3WHlGNHNKRnVIRE8uc3Z3eWVJWDkzTzdYVzBGWi5mNmp0WEN5bTBMVW5tQyIsImFjY2Vzc1Byb2ZpbGUiOiJTWVNBRE1JTiIsImNwZiI6IjExMTExMTExMTExIiwic3RhdHVzIjp0cnVlLCJhdWRpdCI6W3sicmVnaXN0ZXJlZEJ5Ijp7InVzZXJJZCI6IjExMTExMTExMTExMTExMTExMSIsInVzZXJMb2dpbiI6InN5c2FkbWluQHFhY29kZXJzLmNvbSJ9LCJyZWdpc3RyYXRpb25EYXRlIjoic2V4dGEtZmVpcmEsIDA2LzA5LzIwMjQsIDE2OjUzOjEwIEJSVCIsInJlZ2lzdHJhdGlvbk51bWJlciI6IjAxIiwiY29tcGFueUlkIjoiUWEuQ29kZXJzIiwiX2lkIjoiNjZkYjVkYTY0MTRjNWM2Mjc2MjJkNmYwIn1dLCJfX3YiOjAsImlhdCI6MTcyODM0MzcxNSwiZXhwIjoxNzI4NDMwMTE1fQ.bLrwaCdRntwJPJL2c7AFb25jAxToyGW_M2CI9BvPkq8"} 
 </msg>
<msg time="2024-10-07T20:28:39.861726" level="INFO">${resposta} = &lt;Response [200]&gt;</msg>
<var>${resposta}</var>
<arg>alias=develop</arg>
<arg>url=/login</arg>
<arg>json=${body}</arg>
<arg>expected_status=200</arg>
<doc>Sends a POST request on a previously created HTTP Session.</doc>
<status status="PASS" start="2024-10-07T20:28:39.676417" elapsed="0.185309"/>
</kw>
<kw name="Log" owner="BuiltIn">
<msg time="2024-10-07T20:28:39.862718" level="INFO">&lt;Response [200]&gt;</msg>
<arg>${resposta}</arg>
<doc>Logs the given message with the given level.</doc>
<status status="PASS" start="2024-10-07T20:28:39.861726" elapsed="0.000992"/>
</kw>
<kw name="Log" owner="BuiltIn">
<msg time="2024-10-07T20:28:39.863714" level="INFO">eyJhbGciOiJIUzI1NiIsInR5cCI6IkpXVCJ9.eyJfaWQiOiI2NmRiNWRhNjQxNGM1YzYyNzYyMmQ2ZWYiLCJmdWxsTmFtZSI6IlFhLUNvZGVycy1TWVNBRE1JTiIsIm1haWwiOiJzeXNhZG1pbkBxYWNvZGVycy5jb20iLCJwYXNzd29yZCI6IiQyYiQxMCRsMXUwNHFZcmd3WHlGNHNKRnVIRE8uc3Z3eWVJWDkzTzdYVzBGWi5mNmp0WEN5bTBMVW5tQyIsImFjY2Vzc1Byb2ZpbGUiOiJTWVNBRE1JTiIsImNwZiI6IjExMTExMTExMTExIiwic3RhdHVzIjp0cnVlLCJhdWRpdCI6W3sicmVnaXN0ZXJlZEJ5Ijp7InVzZXJJZCI6IjExMTExMTExMTExMTExMTExMSIsInVzZXJMb2dpbiI6InN5c2FkbWluQHFhY29kZXJzLmNvbSJ9LCJyZWdpc3RyYXRpb25EYXRlIjoic2V4dGEtZmVpcmEsIDA2LzA5LzIwMjQsIDE2OjUzOjEwIEJSVCIsInJlZ2lzdHJhdGlvbk51bWJlciI6IjAxIiwiY29tcGFueUlkIjoiUWEuQ29kZXJzIiwiX2lkIjoiNjZkYjVkYTY0MTRjNWM2Mjc2MjJkNmYwIn1dLCJfX3YiOjAsImlhdCI6MTcyODM0MzcxNSwiZXhwIjoxNzI4NDMwMTE1fQ.bLrwaCdRntwJPJL2c7AFb25jAxToyGW_M2CI9BvPkq8</msg>
<arg>${resposta.json()['token']}</arg>
<doc>Logs the given message with the given level.</doc>
<status status="PASS" start="2024-10-07T20:28:39.862718" elapsed="0.000996"/>
</kw>
<kw name="Status Should Be" owner="RequestsLibrary">
<arg>200</arg>
<arg>${resposta}</arg>
<doc>Fails if response status code is different than the expected.</doc>
<status status="PASS" start="2024-10-07T20:28:39.863714" elapsed="0.000000"/>
</kw>
<return>
<value>${resposta.json()['token']}</value>
<status status="PASS" start="2024-10-07T20:28:39.864711" elapsed="0.000000"/>
</return>
<msg time="2024-10-07T20:28:39.865707" level="INFO">${token} = eyJhbGciOiJIUzI1NiIsInR5cCI6IkpXVCJ9.eyJfaWQiOiI2NmRiNWRhNjQxNGM1YzYyNzYyMmQ2ZWYiLCJmdWxsTmFtZSI6IlFhLUNvZGVycy1TWVNBRE1JTiIsIm1haWwiOiJzeXNhZG1pbkBxYWNvZGVycy5jb20iLCJwYXNzd29yZCI6IiQyYiQxMCRsMXUwNHF...</msg>
<var>${token}</var>
<status status="PASS" start="2024-10-07T20:28:39.672430" elapsed="0.193277"/>
</kw>
<kw name="Create Dictionary" owner="BuiltIn">
<msg time="2024-10-07T20:28:39.865707" level="INFO">${body} = {'fullName': 'Sandra da Silva', 'mail': 'Sandradasilva@gmail.com', 'password': 'Cfe@2024', 'accessProfile': 'ADMIN', 'cpf': '11137515133', 'confirmPassword': 'Cfe@2024'}</msg>
<var>${body}</var>
<arg>fullName=Sandra da Silva</arg>
<arg>mail=Sandradasilva@gmail.com</arg>
<arg>password=Cfe@2024</arg>
<arg>accessProfile=ADMIN</arg>
<arg>cpf=11137515133</arg>
<arg>confirmPassword=Cfe@2024</arg>
<doc>Creates and returns a dictionary based on the given ``items``.</doc>
<status status="PASS" start="2024-10-07T20:28:39.865707" elapsed="0.000000"/>
</kw>
<kw name="POST On Session" owner="RequestsLibrary">
<msg time="2024-10-07T20:28:39.993129" level="INFO">POST Request : url=https://lost.qacoders.dev.br/api/user/?token=eyJhbGciOiJIUzI1NiIsInR5cCI6IkpXVCJ9.eyJfaWQiOiI2NmRiNWRhNjQxNGM1YzYyNzYyMmQ2ZWYiLCJmdWxsTmFtZSI6IlFhLUNvZGVycy1TWVNBRE1JTiIsIm1haWwiOiJzeXNhZG1pbkBxYWNvZGVycy5jb20iLCJwYXNzd29yZCI6IiQyYiQxMCRsMXUwNHFZcmd3WHlGNHNKRnVIRE8uc3Z3eWVJWDkzTzdYVzBGWi5mNmp0WEN5bTBMVW5tQyIsImFjY2Vzc1Byb2ZpbGUiOiJTWVNBRE1JTiIsImNwZiI6IjExMTExMTExMTExIiwic3RhdHVzIjp0cnVlLCJhdWRpdCI6W3sicmVnaXN0ZXJlZEJ5Ijp7InVzZXJJZCI6IjExMTExMTExMTExMTExMTExMSIsInVzZXJMb2dpbiI6InN5c2FkbWluQHFhY29kZXJzLmNvbSJ9LCJyZWdpc3RyYXRpb25EYXRlIjoic2V4dGEtZmVpcmEsIDA2LzA5LzIwMjQsIDE2OjUzOjEwIEJSVCIsInJlZ2lzdHJhdGlvbk51bWJlciI6IjAxIiwiY29tcGFueUlkIjoiUWEuQ29kZXJzIiwiX2lkIjoiNjZkYjVkYTY0MTRjNWM2Mjc2MjJkNmYwIn1dLCJfX3YiOjAsImlhdCI6MTcyODM0MzcxNSwiZXhwIjoxNzI4NDMwMTE1fQ.bLrwaCdRntwJPJL2c7AFb25jAxToyGW_M2CI9BvPkq8 
 path_url=/api/user/?token=eyJhbGciOiJIUzI1NiIsInR5cCI6IkpXVCJ9.eyJfaWQiOiI2NmRiNWRhNjQxNGM1YzYyNzYyMmQ2ZWYiLCJmdWxsTmFtZSI6IlFhLUNvZGVycy1TWVNBRE1JTiIsIm1haWwiOiJzeXNhZG1pbkBxYWNvZGVycy5jb20iLCJwYXNzd29yZCI6IiQyYiQxMCRsMXUwNHFZcmd3WHlGNHNKRnVIRE8uc3Z3eWVJWDkzTzdYVzBGWi5mNmp0WEN5bTBMVW5tQyIsImFjY2Vzc1Byb2ZpbGUiOiJTWVNBRE1JTiIsImNwZiI6IjExMTExMTExMTExIiwic3RhdHVzIjp0cnVlLCJhdWRpdCI6W3sicmVnaXN0ZXJlZEJ5Ijp7InVzZXJJZCI6IjExMTExMTExMTExMTExMTExMSIsInVzZXJMb2dpbiI6InN5c2FkbWluQHFhY29kZXJzLmNvbSJ9LCJyZWdpc3RyYXRpb25EYXRlIjoic2V4dGEtZmVpcmEsIDA2LzA5LzIwMjQsIDE2OjUzOjEwIEJSVCIsInJlZ2lzdHJhdGlvbk51bWJlciI6IjAxIiwiY29tcGFueUlkIjoiUWEuQ29kZXJzIiwiX2lkIjoiNjZkYjVkYTY0MTRjNWM2Mjc2MjJkNmYwIn1dLCJfX3YiOjAsImlhdCI6MTcyODM0MzcxNSwiZXhwIjoxNzI4NDMwMTE1fQ.bLrwaCdRntwJPJL2c7AFb25jAxToyGW_M2CI9BvPkq8 
 headers={'User-Agent': 'python-requests/2.32.3', 'Accept-Encoding': 'gzip, deflate', 'accept': 'application/json', 'Connection': 'keep-alive', 'Content-Type': 'application/json', 'Content-Length': '169'} 
 body=b'{"fullName": "Sandra da Silva", "mail": "Sandradasilva@gmail.com", "password": "Cfe@2024", "accessProfile": "ADMIN", "cpf": "11137515133", "confirmPassword": "Cfe@2024"}' 
 </msg>
<msg time="2024-10-07T20:28:39.993129" level="INFO">POST Response : url=https://lost.qacoders.dev.br/api/user/?token=eyJhbGciOiJIUzI1NiIsInR5cCI6IkpXVCJ9.eyJfaWQiOiI2NmRiNWRhNjQxNGM1YzYyNzYyMmQ2ZWYiLCJmdWxsTmFtZSI6IlFhLUNvZGVycy1TWVNBRE1JTiIsIm1haWwiOiJzeXNhZG1pbkBxYWNvZGVycy5jb20iLCJwYXNzd29yZCI6IiQyYiQxMCRsMXUwNHFZcmd3WHlGNHNKRnVIRE8uc3Z3eWVJWDkzTzdYVzBGWi5mNmp0WEN5bTBMVW5tQyIsImFjY2Vzc1Byb2ZpbGUiOiJTWVNBRE1JTiIsImNwZiI6IjExMTExMTExMTExIiwic3RhdHVzIjp0cnVlLCJhdWRpdCI6W3sicmVnaXN0ZXJlZEJ5Ijp7InVzZXJJZCI6IjExMTExMTExMTExMTExMTExMSIsInVzZXJMb2dpbiI6InN5c2FkbWluQHFhY29kZXJzLmNvbSJ9LCJyZWdpc3RyYXRpb25EYXRlIjoic2V4dGEtZmVpcmEsIDA2LzA5LzIwMjQsIDE2OjUzOjEwIEJSVCIsInJlZ2lzdHJhdGlvbk51bWJlciI6IjAxIiwiY29tcGFueUlkIjoiUWEuQ29kZXJzIiwiX2lkIjoiNjZkYjVkYTY0MTRjNWM2Mjc2MjJkNmYwIn1dLCJfX3YiOjAsImlhdCI6MTcyODM0MzcxNSwiZXhwIjoxNzI4NDMwMTE1fQ.bLrwaCdRntwJPJL2c7AFb25jAxToyGW_M2CI9BvPkq8 
 status=201, reason=Created 
 headers={'Server': 'nginx/1.18.0 (Ubuntu)', 'Date': 'Mon, 07 Oct 2024 23:28:35 GMT', 'Content-Type': 'application/json; charset=utf-8', 'Content-Length': '463', 'Connection': 'keep-alive', 'X-Powered-By': 'Express', 'Access-Control-Allow-Origin': '*', 'Access-Control-Allow-Methods': 'GET, POST, OPTIONS, PUT, PATCH, DELETE', 'Access-Control-Allow-Headers': 'Origin, X-Requested-With, Content-Type, Accept, Authorization', 'ETag': 'W/"1cf-K1rbTcgPCB/nRP4ERf89XLu0Y+U"'} 
 body={"msg":"Olá Sandra da Silva, cadastro realizado com sucesso.","user":{"_id":"67046ea3b219fa520523dc86","fullName":"Sandra da Silva","mail":"Sandradasilva@gmail.com","accessProfile":"ADMIN","cpf":"11137515133","status":true,"audit":[{"registeredBy":{"userId":"66db5da6414c5c627622d6ef","userLogin":"sysadmin@qacoders.com"},"registrationDate":"segunda-feira, 07/10/2024, 20:28:35 BRT","registrationNumber":"QaCoders-35","_id":"67046ea3b219fa520523dc87"}],"__v":0}} 
 </msg>
<msg time="2024-10-07T20:28:39.993129" level="INFO">${resposta} = &lt;Response [201]&gt;</msg>
<var>${resposta}</var>
<arg>alias=develop</arg>
<arg>url=/user/?token=${token}</arg>
<arg>json=${body}</arg>
<arg>expected_status=201</arg>
<doc>Sends a POST request on a previously created HTTP Session.</doc>
<status status="PASS" start="2024-10-07T20:28:39.865707" elapsed="0.127422"/>
</kw>
<kw name="Status Should Be" owner="RequestsLibrary">
<arg>201</arg>
<arg>${resposta}</arg>
<doc>Fails if response status code is different than the expected.</doc>
<status status="PASS" start="2024-10-07T20:28:39.994123" elapsed="0.000000"/>
</kw>
<kw name="Log" owner="BuiltIn">
<msg time="2024-10-07T20:28:39.995118" level="INFO">67046ea3b219fa520523dc86</msg>
<arg>${resposta.json()["user"]["_id"]}</arg>
<doc>Logs the given message with the given level.</doc>
<status status="PASS" start="2024-10-07T20:28:39.994123" elapsed="0.000995"/>
</kw>
<status status="PASS" start="2024-10-07T20:28:39.672430" elapsed="0.322688"/>
</kw>
<status status="PASS" start="2024-10-07T20:28:39.671434" elapsed="0.324759"/>
</test>
<test id="s1-t3" name="Tentativa de criar usuario sem token" line="21">
<kw name="Usuario sem token">
<kw name="Create Dictionary" owner="BuiltIn">
<msg time="2024-10-07T20:28:40.000283" level="INFO">${body} = {'fullName': 'Dona das neves', 'mail': 'Donaneves@gmail.com', 'password': 'Cfe@2024', 'accessProfile': 'ADMIN', 'cpf': '14359514573', 'confirmPassword': 'Cfe@2024'}</msg>
<var>${body}</var>
<arg>fullName=Dona das neves</arg>
<arg>mail=Donaneves@gmail.com</arg>
<arg>password=Cfe@2024</arg>
<arg>accessProfile=ADMIN</arg>
<arg>cpf=14359514573</arg>
<arg>confirmPassword=Cfe@2024</arg>
<doc>Creates and returns a dictionary based on the given ``items``.</doc>
<status status="PASS" start="2024-10-07T20:28:40.000283" elapsed="0.000000"/>
</kw>
<kw name="POST On Session" owner="RequestsLibrary">
<msg time="2024-10-07T20:28:40.041951" level="INFO">POST Request : url=https://lost.qacoders.dev.br/api/user/?token=hkhlkhljlj 
 path_url=/api/user/?token=hkhlkhljlj 
 headers={'User-Agent': 'python-requests/2.32.3', 'Accept-Encoding': 'gzip, deflate', 'accept': 'application/json', 'Connection': 'keep-alive', 'Content-Type': 'application/json', 'Content-Length': '164'} 
 body=b'{"fullName": "Dona das neves", "mail": "Donaneves@gmail.com", "password": "Cfe@2024", "accessProfile": "ADMIN", "cpf": "14359514573", "confirmPassword": "Cfe@2024"}' 
 </msg>
<msg time="2024-10-07T20:28:40.042947" level="INFO">POST Response : url=https://lost.qacoders.dev.br/api/user/?token=hkhlkhljlj 
 status=403, reason=Forbidden 
 headers={'Server': 'nginx/1.18.0 (Ubuntu)', 'Date': 'Mon, 07 Oct 2024 23:28:35 GMT', 'Content-Type': 'application/json; charset=utf-8', 'Transfer-Encoding': 'chunked', 'Connection': 'keep-alive', 'X-Powered-By': 'Express', 'Access-Control-Allow-Origin': '*', 'Access-Control-Allow-Methods': 'GET, POST, OPTIONS, PUT, PATCH, DELETE', 'Access-Control-Allow-Headers': 'Origin, X-Requested-With, Content-Type, Accept, Authorization', 'ETag': 'W/"2c-xKef5yLjBxNw1obTC++VAJHdlUI"', 'Content-Encoding': 'gzip'} 
 body={"errors":["Failed to authenticate token."]} 
 </msg>
<msg time="2024-10-07T20:28:40.042947" level="INFO">${resposta} = &lt;Response [403]&gt;</msg>
<var>${resposta}</var>
<arg>alias=develop</arg>
<arg>url=/user/?token=${token_invalido}</arg>
<arg>json=${body}</arg>
<arg>expected_status=403</arg>
<doc>Sends a POST request on a previously created HTTP Session.</doc>
<status status="PASS" start="2024-10-07T20:28:40.001210" elapsed="0.041737"/>
</kw>
<kw name="Status Should Be" owner="RequestsLibrary">
<arg>403</arg>
<arg>${resposta}</arg>
<doc>Fails if response status code is different than the expected.</doc>
<status status="PASS" start="2024-10-07T20:28:40.042947" elapsed="0.000997"/>
</kw>
<kw name="Log" owner="BuiltIn">
<msg time="2024-10-07T20:28:40.045938" level="INFO">['Failed to authenticate token.']</msg>
<arg>${resposta.json()['errors']}</arg>
<doc>Logs the given message with the given level.</doc>
<status status="PASS" start="2024-10-07T20:28:40.043944" elapsed="0.001994"/>
</kw>
<kw name="Should Be Equal As Strings" owner="BuiltIn">
<msg time="2024-10-07T20:28:40.047931" level="INFO">Argument types are:
&lt;class 'list'&gt;
&lt;class 'str'&gt;</msg>
<arg>${resposta.json()['errors']}</arg>
<arg>['Failed to authenticate token.']</arg>
<doc>Fails if objects are unequal after converting them to strings.</doc>
<status status="PASS" start="2024-10-07T20:28:40.046934" elapsed="0.001993"/>
</kw>
<status status="PASS" start="2024-10-07T20:28:39.999267" elapsed="0.049660"/>
</kw>
<status status="PASS" start="2024-10-07T20:28:39.998213" elapsed="0.051712"/>
</test>
<test id="s1-t4" name="Tentativa de cadastrar usuario ja cadastrado" line="23">
<kw name="Usuario ja cadastrado">
<kw name="Realizar Login">
<kw name="Create Dictionary" owner="BuiltIn">
<msg time="2024-10-07T20:28:40.055789" level="INFO">${body} = {'mail': 'sysadmin@qacoders.com', 'password': '1234@Test'}</msg>
<var>${body}</var>
<arg>mail=${email_admin}</arg>
<arg>password=${senha_admin}</arg>
<doc>Creates and returns a dictionary based on the given ``items``.</doc>
<status status="PASS" start="2024-10-07T20:28:40.055789" elapsed="0.000958"/>
</kw>
<kw name="Criar sessao">
<kw name="Create Dictionary" owner="BuiltIn">
<msg time="2024-10-07T20:28:40.057822" level="INFO">${headers} = {'accept': 'application/json', 'Content-Type': 'application/json'}</msg>
<var>${headers}</var>
<arg>accept=application/json</arg>
<arg>Content-Type=application/json</arg>
<doc>Creates and returns a dictionary based on the given ``items``.</doc>
<status status="PASS" start="2024-10-07T20:28:40.057822" elapsed="0.000000"/>
</kw>
<kw name="Create Session" owner="RequestsLibrary">
<msg time="2024-10-07T20:28:40.058822" level="INFO">Creating Session using : alias=develop, url=https://lost.qacoders.dev.br/api, headers={'accept': 'application/json', 'Content-Type': 'application/json'},                     cookies={}, auth=None, timeout=None, proxies=None, verify=True,                     debug=0 </msg>
<arg>alias=develop</arg>
<arg>url=${baseUrl}</arg>
<arg>headers=${headers}</arg>
<arg>verify=true</arg>
<doc>Create Session: create a HTTP session to a server</doc>
<status status="PASS" start="2024-10-07T20:28:40.057822" elapsed="0.001000"/>
</kw>
<status status="PASS" start="2024-10-07T20:28:40.056747" elapsed="0.002075"/>
</kw>
<kw name="POST On Session" owner="RequestsLibrary">
<msg time="2024-10-07T20:28:40.303842" level="INFO">POST Request : url=https://lost.qacoders.dev.br/api/login 
 path_url=/api/login 
 headers={'User-Agent': 'python-requests/2.32.3', 'Accept-Encoding': 'gzip, deflate', 'accept': 'application/json', 'Connection': 'keep-alive', 'Content-Type': 'application/json', 'Content-Length': '58'} 
 body=b'{"mail": "sysadmin@qacoders.com", "password": "1234@Test"}' 
 </msg>
<msg time="2024-10-07T20:28:40.303842" level="INFO">POST Response : url=https://lost.qacoders.dev.br/api/login 
 status=200, reason=OK 
 headers={'Server': 'nginx/1.18.0 (Ubuntu)', 'Date': 'Mon, 07 Oct 2024 23:28:35 GMT', 'Content-Type': 'application/json; charset=utf-8', 'Transfer-Encoding': 'chunked', 'Connection': 'keep-alive', 'X-Powered-By': 'Express', 'Access-Control-Allow-Origin': '*', 'Access-Control-Allow-Methods': 'GET, POST, OPTIONS, PUT, PATCH, DELETE', 'Access-Control-Allow-Headers': 'Origin, X-Requested-With, Content-Type, Accept, Authorization', 'ETag': 'W/"534-AAW/cn6C4X+AJ/r2DapZMpLK10Q"', 'Content-Encoding': 'gzip'} 
 body={"msg":"Olá Qa-Coders-SYSADMIN, autenticação autorizada com sucesso!","user":{"_id":"66db5da6414c5c627622d6ef","fullName":"Qa-Coders-SYSADMIN","mail":"sysadmin@qacoders.com","password":"$2b$10$l1u04qYrgwXyF4sJFuHDO.svwyeIX93O7XW0FZ.f6jtXCym0LUnmC","accessProfile":"SYSADMIN","cpf":"11111111111","status":true,"audit":[{"registeredBy":{"userId":"111111111111111111","userLogin":"sysadmin@qacoders.com"},"registrationDate":"sexta-feira, 06/09/2024, 16:53:10 BRT","registrationNumber":"01","companyId":"Qa.Coders","_id":"66db5da6414c5c627622d6f0"}],"__v":0},"token":"eyJhbGciOiJIUzI1NiIsInR5cCI6IkpXVCJ9.eyJfaWQiOiI2NmRiNWRhNjQxNGM1YzYyNzYyMmQ2ZWYiLCJmdWxsTmFtZSI6IlFhLUNvZGVycy1TWVNBRE1JTiIsIm1haWwiOiJzeXNhZG1pbkBxYWNvZGVycy5jb20iLCJwYXNzd29yZCI6IiQyYiQxMCRsMXUwNHFZcmd3WHlGNHNKRnVIRE8uc3Z3eWVJWDkzTzdYVzBGWi5mNmp0WEN5bTBMVW5tQyIsImFjY2Vzc1Byb2ZpbGUiOiJTWVNBRE1JTiIsImNwZiI6IjExMTExMTExMTExIiwic3RhdHVzIjp0cnVlLCJhdWRpdCI6W3sicmVnaXN0ZXJlZEJ5Ijp7InVzZXJJZCI6IjExMTExMTExMTExMTExMTExMSIsInVzZXJMb2dpbiI6InN5c2FkbWluQHFhY29kZXJzLmNvbSJ9LCJyZWdpc3RyYXRpb25EYXRlIjoic2V4dGEtZmVpcmEsIDA2LzA5LzIwMjQsIDE2OjUzOjEwIEJSVCIsInJlZ2lzdHJhdGlvbk51bWJlciI6IjAxIiwiY29tcGFueUlkIjoiUWEuQ29kZXJzIiwiX2lkIjoiNjZkYjVkYTY0MTRjNWM2Mjc2MjJkNmYwIn1dLCJfX3YiOjAsImlhdCI6MTcyODM0MzcxNSwiZXhwIjoxNzI4NDMwMTE1fQ.bLrwaCdRntwJPJL2c7AFb25jAxToyGW_M2CI9BvPkq8"} 
 </msg>
<msg time="2024-10-07T20:28:40.304838" level="INFO">${resposta} = &lt;Response [200]&gt;</msg>
<var>${resposta}</var>
<arg>alias=develop</arg>
<arg>url=/login</arg>
<arg>json=${body}</arg>
<arg>expected_status=200</arg>
<doc>Sends a POST request on a previously created HTTP Session.</doc>
<status status="PASS" start="2024-10-07T20:28:40.059808" elapsed="0.245030"/>
</kw>
<kw name="Log" owner="BuiltIn">
<msg time="2024-10-07T20:28:40.304838" level="INFO">&lt;Response [200]&gt;</msg>
<arg>${resposta}</arg>
<doc>Logs the given message with the given level.</doc>
<status status="PASS" start="2024-10-07T20:28:40.304838" elapsed="0.000000"/>
</kw>
<kw name="Log" owner="BuiltIn">
<msg time="2024-10-07T20:28:40.305835" level="INFO">eyJhbGciOiJIUzI1NiIsInR5cCI6IkpXVCJ9.eyJfaWQiOiI2NmRiNWRhNjQxNGM1YzYyNzYyMmQ2ZWYiLCJmdWxsTmFtZSI6IlFhLUNvZGVycy1TWVNBRE1JTiIsIm1haWwiOiJzeXNhZG1pbkBxYWNvZGVycy5jb20iLCJwYXNzd29yZCI6IiQyYiQxMCRsMXUwNHFZcmd3WHlGNHNKRnVIRE8uc3Z3eWVJWDkzTzdYVzBGWi5mNmp0WEN5bTBMVW5tQyIsImFjY2Vzc1Byb2ZpbGUiOiJTWVNBRE1JTiIsImNwZiI6IjExMTExMTExMTExIiwic3RhdHVzIjp0cnVlLCJhdWRpdCI6W3sicmVnaXN0ZXJlZEJ5Ijp7InVzZXJJZCI6IjExMTExMTExMTExMTExMTExMSIsInVzZXJMb2dpbiI6InN5c2FkbWluQHFhY29kZXJzLmNvbSJ9LCJyZWdpc3RyYXRpb25EYXRlIjoic2V4dGEtZmVpcmEsIDA2LzA5LzIwMjQsIDE2OjUzOjEwIEJSVCIsInJlZ2lzdHJhdGlvbk51bWJlciI6IjAxIiwiY29tcGFueUlkIjoiUWEuQ29kZXJzIiwiX2lkIjoiNjZkYjVkYTY0MTRjNWM2Mjc2MjJkNmYwIn1dLCJfX3YiOjAsImlhdCI6MTcyODM0MzcxNSwiZXhwIjoxNzI4NDMwMTE1fQ.bLrwaCdRntwJPJL2c7AFb25jAxToyGW_M2CI9BvPkq8</msg>
<arg>${resposta.json()['token']}</arg>
<doc>Logs the given message with the given level.</doc>
<status status="PASS" start="2024-10-07T20:28:40.304838" elapsed="0.001994"/>
</kw>
<kw name="Status Should Be" owner="RequestsLibrary">
<arg>200</arg>
<arg>${resposta}</arg>
<doc>Fails if response status code is different than the expected.</doc>
<status status="PASS" start="2024-10-07T20:28:40.306832" elapsed="0.000000"/>
</kw>
<return>
<value>${resposta.json()['token']}</value>
<status status="PASS" start="2024-10-07T20:28:40.306832" elapsed="0.000000"/>
</return>
<msg time="2024-10-07T20:28:40.307828" level="INFO">${token} = eyJhbGciOiJIUzI1NiIsInR5cCI6IkpXVCJ9.eyJfaWQiOiI2NmRiNWRhNjQxNGM1YzYyNzYyMmQ2ZWYiLCJmdWxsTmFtZSI6IlFhLUNvZGVycy1TWVNBRE1JTiIsIm1haWwiOiJzeXNhZG1pbkBxYWNvZGVycy5jb20iLCJwYXNzd29yZCI6IiQyYiQxMCRsMXUwNHF...</msg>
<var>${token}</var>
<status status="PASS" start="2024-10-07T20:28:40.054756" elapsed="0.253072"/>
</kw>
<kw name="Create Dictionary" owner="BuiltIn">
<msg time="2024-10-07T20:28:40.308825" level="INFO">${body} = {'fullName': 'Sandra da Silva', 'mail': 'Sandradasilva@gmail.com', 'password': 'Cfe@2024', 'accessProfile': 'ADMIN', 'cpf': '11137515133', 'confirmPassword': 'Cfe@2024'}</msg>
<var>${body}</var>
<arg>fullName=Sandra da Silva</arg>
<arg>mail=Sandradasilva@gmail.com</arg>
<arg>password=Cfe@2024</arg>
<arg>accessProfile=ADMIN</arg>
<arg>cpf=11137515133</arg>
<arg>confirmPassword=Cfe@2024</arg>
<doc>Creates and returns a dictionary based on the given ``items``.</doc>
<status status="PASS" start="2024-10-07T20:28:40.307828" elapsed="0.000997"/>
</kw>
<kw name="POST On Session" owner="RequestsLibrary">
<msg time="2024-10-07T20:28:40.353185" level="INFO">POST Request : url=https://lost.qacoders.dev.br/api/user/?token=eyJhbGciOiJIUzI1NiIsInR5cCI6IkpXVCJ9.eyJfaWQiOiI2NmRiNWRhNjQxNGM1YzYyNzYyMmQ2ZWYiLCJmdWxsTmFtZSI6IlFhLUNvZGVycy1TWVNBRE1JTiIsIm1haWwiOiJzeXNhZG1pbkBxYWNvZGVycy5jb20iLCJwYXNzd29yZCI6IiQyYiQxMCRsMXUwNHFZcmd3WHlGNHNKRnVIRE8uc3Z3eWVJWDkzTzdYVzBGWi5mNmp0WEN5bTBMVW5tQyIsImFjY2Vzc1Byb2ZpbGUiOiJTWVNBRE1JTiIsImNwZiI6IjExMTExMTExMTExIiwic3RhdHVzIjp0cnVlLCJhdWRpdCI6W3sicmVnaXN0ZXJlZEJ5Ijp7InVzZXJJZCI6IjExMTExMTExMTExMTExMTExMSIsInVzZXJMb2dpbiI6InN5c2FkbWluQHFhY29kZXJzLmNvbSJ9LCJyZWdpc3RyYXRpb25EYXRlIjoic2V4dGEtZmVpcmEsIDA2LzA5LzIwMjQsIDE2OjUzOjEwIEJSVCIsInJlZ2lzdHJhdGlvbk51bWJlciI6IjAxIiwiY29tcGFueUlkIjoiUWEuQ29kZXJzIiwiX2lkIjoiNjZkYjVkYTY0MTRjNWM2Mjc2MjJkNmYwIn1dLCJfX3YiOjAsImlhdCI6MTcyODM0MzcxNSwiZXhwIjoxNzI4NDMwMTE1fQ.bLrwaCdRntwJPJL2c7AFb25jAxToyGW_M2CI9BvPkq8 
 path_url=/api/user/?token=eyJhbGciOiJIUzI1NiIsInR5cCI6IkpXVCJ9.eyJfaWQiOiI2NmRiNWRhNjQxNGM1YzYyNzYyMmQ2ZWYiLCJmdWxsTmFtZSI6IlFhLUNvZGVycy1TWVNBRE1JTiIsIm1haWwiOiJzeXNhZG1pbkBxYWNvZGVycy5jb20iLCJwYXNzd29yZCI6IiQyYiQxMCRsMXUwNHFZcmd3WHlGNHNKRnVIRE8uc3Z3eWVJWDkzTzdYVzBGWi5mNmp0WEN5bTBMVW5tQyIsImFjY2Vzc1Byb2ZpbGUiOiJTWVNBRE1JTiIsImNwZiI6IjExMTExMTExMTExIiwic3RhdHVzIjp0cnVlLCJhdWRpdCI6W3sicmVnaXN0ZXJlZEJ5Ijp7InVzZXJJZCI6IjExMTExMTExMTExMTExMTExMSIsInVzZXJMb2dpbiI6InN5c2FkbWluQHFhY29kZXJzLmNvbSJ9LCJyZWdpc3RyYXRpb25EYXRlIjoic2V4dGEtZmVpcmEsIDA2LzA5LzIwMjQsIDE2OjUzOjEwIEJSVCIsInJlZ2lzdHJhdGlvbk51bWJlciI6IjAxIiwiY29tcGFueUlkIjoiUWEuQ29kZXJzIiwiX2lkIjoiNjZkYjVkYTY0MTRjNWM2Mjc2MjJkNmYwIn1dLCJfX3YiOjAsImlhdCI6MTcyODM0MzcxNSwiZXhwIjoxNzI4NDMwMTE1fQ.bLrwaCdRntwJPJL2c7AFb25jAxToyGW_M2CI9BvPkq8 
 headers={'User-Agent': 'python-requests/2.32.3', 'Accept-Encoding': 'gzip, deflate', 'accept': 'application/json', 'Connection': 'keep-alive', 'Content-Type': 'application/json', 'Content-Length': '169'} 
 body=b'{"fullName": "Sandra da Silva", "mail": "Sandradasilva@gmail.com", "password": "Cfe@2024", "accessProfile": "ADMIN", "cpf": "11137515133", "confirmPassword": "Cfe@2024"}' 
 </msg>
<msg time="2024-10-07T20:28:40.353185" level="INFO">POST Response : url=https://lost.qacoders.dev.br/api/user/?token=eyJhbGciOiJIUzI1NiIsInR5cCI6IkpXVCJ9.eyJfaWQiOiI2NmRiNWRhNjQxNGM1YzYyNzYyMmQ2ZWYiLCJmdWxsTmFtZSI6IlFhLUNvZGVycy1TWVNBRE1JTiIsIm1haWwiOiJzeXNhZG1pbkBxYWNvZGVycy5jb20iLCJwYXNzd29yZCI6IiQyYiQxMCRsMXUwNHFZcmd3WHlGNHNKRnVIRE8uc3Z3eWVJWDkzTzdYVzBGWi5mNmp0WEN5bTBMVW5tQyIsImFjY2Vzc1Byb2ZpbGUiOiJTWVNBRE1JTiIsImNwZiI6IjExMTExMTExMTExIiwic3RhdHVzIjp0cnVlLCJhdWRpdCI6W3sicmVnaXN0ZXJlZEJ5Ijp7InVzZXJJZCI6IjExMTExMTExMTExMTExMTExMSIsInVzZXJMb2dpbiI6InN5c2FkbWluQHFhY29kZXJzLmNvbSJ9LCJyZWdpc3RyYXRpb25EYXRlIjoic2V4dGEtZmVpcmEsIDA2LzA5LzIwMjQsIDE2OjUzOjEwIEJSVCIsInJlZ2lzdHJhdGlvbk51bWJlciI6IjAxIiwiY29tcGFueUlkIjoiUWEuQ29kZXJzIiwiX2lkIjoiNjZkYjVkYTY0MTRjNWM2Mjc2MjJkNmYwIn1dLCJfX3YiOjAsImlhdCI6MTcyODM0MzcxNSwiZXhwIjoxNzI4NDMwMTE1fQ.bLrwaCdRntwJPJL2c7AFb25jAxToyGW_M2CI9BvPkq8 
 status=409, reason=Conflict 
 headers={'Server': 'nginx/1.18.0 (Ubuntu)', 'Date': 'Mon, 07 Oct 2024 23:28:35 GMT', 'Content-Type': 'application/json; charset=utf-8', 'Content-Length': '64', 'Connection': 'keep-alive', 'X-Powered-By': 'Express', 'Access-Control-Allow-Origin': '*', 'Access-Control-Allow-Methods': 'GET, POST, OPTIONS, PUT, PATCH, DELETE', 'Access-Control-Allow-Headers': 'Origin, X-Requested-With, Content-Type, Accept, Authorization', 'ETag': 'W/"40-Hh6Tou8hkyRv2nkXqWsFdaZlRc0"'} 
 body={"alert":["O cpf informado já existe em nossa base de dados."]} 
 </msg>
<msg time="2024-10-07T20:28:40.354192" level="INFO">${resposta} = &lt;Response [409]&gt;</msg>
<var>${resposta}</var>
<arg>alias=develop</arg>
<arg>url=/user/?token=${token}</arg>
<arg>json=${body}</arg>
<arg>expected_status=409</arg>
<doc>Sends a POST request on a previously created HTTP Session.</doc>
<status status="PASS" start="2024-10-07T20:28:40.308825" elapsed="0.045367"/>
</kw>
<kw name="Status Should Be" owner="RequestsLibrary">
<arg>409</arg>
<arg>${resposta}</arg>
<doc>Fails if response status code is different than the expected.</doc>
<status status="PASS" start="2024-10-07T20:28:40.354192" elapsed="0.000000"/>
</kw>
<kw name="Log" owner="BuiltIn">
<msg time="2024-10-07T20:28:40.356181" level="INFO">['O cpf informado já existe em nossa base de dados.']</msg>
<arg>${resposta.json()['alert']}</arg>
<doc>Logs the given message with the given level.</doc>
<status status="PASS" start="2024-10-07T20:28:40.355189" elapsed="0.000992"/>
</kw>
<kw name="Should Be Equal As Strings" owner="BuiltIn">
<msg time="2024-10-07T20:28:40.357182" level="INFO">Argument types are:
&lt;class 'list'&gt;
&lt;class 'str'&gt;</msg>
<arg>${resposta.json()['alert']}</arg>
<arg>['O cpf informado já existe em nossa base de dados.']</arg>
<doc>Fails if objects are unequal after converting them to strings.</doc>
<status status="PASS" start="2024-10-07T20:28:40.356181" elapsed="0.001001"/>
</kw>
<status status="PASS" start="2024-10-07T20:28:40.053758" elapsed="0.303424"/>
</kw>
<status status="PASS" start="2024-10-07T20:28:40.052761" elapsed="0.306415"/>
</test>
<test id="s1-t5" name="Tentativa de cadastrar usuario sem informar campo obrigatorio" line="25">
<kw name="Campo obrigatorio">
<kw name="Realizar Login">
<kw name="Create Dictionary" owner="BuiltIn">
<msg time="2024-10-07T20:28:40.363410" level="INFO">${body} = {'mail': 'sysadmin@qacoders.com', 'password': '1234@Test'}</msg>
<var>${body}</var>
<arg>mail=${email_admin}</arg>
<arg>password=${senha_admin}</arg>
<doc>Creates and returns a dictionary based on the given ``items``.</doc>
<status status="PASS" start="2024-10-07T20:28:40.362083" elapsed="0.001327"/>
</kw>
<kw name="Criar sessao">
<kw name="Create Dictionary" owner="BuiltIn">
<msg time="2024-10-07T20:28:40.364420" level="INFO">${headers} = {'accept': 'application/json', 'Content-Type': 'application/json'}</msg>
<var>${headers}</var>
<arg>accept=application/json</arg>
<arg>Content-Type=application/json</arg>
<doc>Creates and returns a dictionary based on the given ``items``.</doc>
<status status="PASS" start="2024-10-07T20:28:40.364420" elapsed="0.000000"/>
</kw>
<kw name="Create Session" owner="RequestsLibrary">
<msg time="2024-10-07T20:28:40.365412" level="INFO">Creating Session using : alias=develop, url=https://lost.qacoders.dev.br/api, headers={'accept': 'application/json', 'Content-Type': 'application/json'},                     cookies={}, auth=None, timeout=None, proxies=None, verify=True,                     debug=0 </msg>
<arg>alias=develop</arg>
<arg>url=${baseUrl}</arg>
<arg>headers=${headers}</arg>
<arg>verify=true</arg>
<doc>Create Session: create a HTTP session to a server</doc>
<status status="PASS" start="2024-10-07T20:28:40.364420" elapsed="0.000992"/>
</kw>
<status status="PASS" start="2024-10-07T20:28:40.363410" elapsed="0.003005"/>
</kw>
<kw name="POST On Session" owner="RequestsLibrary">
<msg time="2024-10-07T20:28:40.543504" level="INFO">POST Request : url=https://lost.qacoders.dev.br/api/login 
 path_url=/api/login 
 headers={'User-Agent': 'python-requests/2.32.3', 'Accept-Encoding': 'gzip, deflate', 'accept': 'application/json', 'Connection': 'keep-alive', 'Content-Type': 'application/json', 'Content-Length': '58'} 
 body=b'{"mail": "sysadmin@qacoders.com", "password": "1234@Test"}' 
 </msg>
<msg time="2024-10-07T20:28:40.543504" level="INFO">POST Response : url=https://lost.qacoders.dev.br/api/login 
 status=200, reason=OK 
 headers={'Server': 'nginx/1.18.0 (Ubuntu)', 'Date': 'Mon, 07 Oct 2024 23:28:35 GMT', 'Content-Type': 'application/json; charset=utf-8', 'Transfer-Encoding': 'chunked', 'Connection': 'keep-alive', 'X-Powered-By': 'Express', 'Access-Control-Allow-Origin': '*', 'Access-Control-Allow-Methods': 'GET, POST, OPTIONS, PUT, PATCH, DELETE', 'Access-Control-Allow-Headers': 'Origin, X-Requested-With, Content-Type, Accept, Authorization', 'ETag': 'W/"534-AAW/cn6C4X+AJ/r2DapZMpLK10Q"', 'Content-Encoding': 'gzip'} 
 body={"msg":"Olá Qa-Coders-SYSADMIN, autenticação autorizada com sucesso!","user":{"_id":"66db5da6414c5c627622d6ef","fullName":"Qa-Coders-SYSADMIN","mail":"sysadmin@qacoders.com","password":"$2b$10$l1u04qYrgwXyF4sJFuHDO.svwyeIX93O7XW0FZ.f6jtXCym0LUnmC","accessProfile":"SYSADMIN","cpf":"11111111111","status":true,"audit":[{"registeredBy":{"userId":"111111111111111111","userLogin":"sysadmin@qacoders.com"},"registrationDate":"sexta-feira, 06/09/2024, 16:53:10 BRT","registrationNumber":"01","companyId":"Qa.Coders","_id":"66db5da6414c5c627622d6f0"}],"__v":0},"token":"eyJhbGciOiJIUzI1NiIsInR5cCI6IkpXVCJ9.eyJfaWQiOiI2NmRiNWRhNjQxNGM1YzYyNzYyMmQ2ZWYiLCJmdWxsTmFtZSI6IlFhLUNvZGVycy1TWVNBRE1JTiIsIm1haWwiOiJzeXNhZG1pbkBxYWNvZGVycy5jb20iLCJwYXNzd29yZCI6IiQyYiQxMCRsMXUwNHFZcmd3WHlGNHNKRnVIRE8uc3Z3eWVJWDkzTzdYVzBGWi5mNmp0WEN5bTBMVW5tQyIsImFjY2Vzc1Byb2ZpbGUiOiJTWVNBRE1JTiIsImNwZiI6IjExMTExMTExMTExIiwic3RhdHVzIjp0cnVlLCJhdWRpdCI6W3sicmVnaXN0ZXJlZEJ5Ijp7InVzZXJJZCI6IjExMTExMTExMTExMTExMTExMSIsInVzZXJMb2dpbiI6InN5c2FkbWluQHFhY29kZXJzLmNvbSJ9LCJyZWdpc3RyYXRpb25EYXRlIjoic2V4dGEtZmVpcmEsIDA2LzA5LzIwMjQsIDE2OjUzOjEwIEJSVCIsInJlZ2lzdHJhdGlvbk51bWJlciI6IjAxIiwiY29tcGFueUlkIjoiUWEuQ29kZXJzIiwiX2lkIjoiNjZkYjVkYTY0MTRjNWM2Mjc2MjJkNmYwIn1dLCJfX3YiOjAsImlhdCI6MTcyODM0MzcxNSwiZXhwIjoxNzI4NDMwMTE1fQ.bLrwaCdRntwJPJL2c7AFb25jAxToyGW_M2CI9BvPkq8"} 
 </msg>
<msg time="2024-10-07T20:28:40.543504" level="INFO">${resposta} = &lt;Response [200]&gt;</msg>
<var>${resposta}</var>
<arg>alias=develop</arg>
<arg>url=/login</arg>
<arg>json=${body}</arg>
<arg>expected_status=200</arg>
<doc>Sends a POST request on a previously created HTTP Session.</doc>
<status status="PASS" start="2024-10-07T20:28:40.366415" elapsed="0.177089"/>
</kw>
<kw name="Log" owner="BuiltIn">
<msg time="2024-10-07T20:28:40.544500" level="INFO">&lt;Response [200]&gt;</msg>
<arg>${resposta}</arg>
<doc>Logs the given message with the given level.</doc>
<status status="PASS" start="2024-10-07T20:28:40.544500" elapsed="0.000000"/>
</kw>
<kw name="Log" owner="BuiltIn">
<msg time="2024-10-07T20:28:40.545496" level="INFO">eyJhbGciOiJIUzI1NiIsInR5cCI6IkpXVCJ9.eyJfaWQiOiI2NmRiNWRhNjQxNGM1YzYyNzYyMmQ2ZWYiLCJmdWxsTmFtZSI6IlFhLUNvZGVycy1TWVNBRE1JTiIsIm1haWwiOiJzeXNhZG1pbkBxYWNvZGVycy5jb20iLCJwYXNzd29yZCI6IiQyYiQxMCRsMXUwNHFZcmd3WHlGNHNKRnVIRE8uc3Z3eWVJWDkzTzdYVzBGWi5mNmp0WEN5bTBMVW5tQyIsImFjY2Vzc1Byb2ZpbGUiOiJTWVNBRE1JTiIsImNwZiI6IjExMTExMTExMTExIiwic3RhdHVzIjp0cnVlLCJhdWRpdCI6W3sicmVnaXN0ZXJlZEJ5Ijp7InVzZXJJZCI6IjExMTExMTExMTExMTExMTExMSIsInVzZXJMb2dpbiI6InN5c2FkbWluQHFhY29kZXJzLmNvbSJ9LCJyZWdpc3RyYXRpb25EYXRlIjoic2V4dGEtZmVpcmEsIDA2LzA5LzIwMjQsIDE2OjUzOjEwIEJSVCIsInJlZ2lzdHJhdGlvbk51bWJlciI6IjAxIiwiY29tcGFueUlkIjoiUWEuQ29kZXJzIiwiX2lkIjoiNjZkYjVkYTY0MTRjNWM2Mjc2MjJkNmYwIn1dLCJfX3YiOjAsImlhdCI6MTcyODM0MzcxNSwiZXhwIjoxNzI4NDMwMTE1fQ.bLrwaCdRntwJPJL2c7AFb25jAxToyGW_M2CI9BvPkq8</msg>
<arg>${resposta.json()['token']}</arg>
<doc>Logs the given message with the given level.</doc>
<status status="PASS" start="2024-10-07T20:28:40.544500" elapsed="0.000996"/>
</kw>
<kw name="Status Should Be" owner="RequestsLibrary">
<arg>200</arg>
<arg>${resposta}</arg>
<doc>Fails if response status code is different than the expected.</doc>
<status status="PASS" start="2024-10-07T20:28:40.546494" elapsed="0.000000"/>
</kw>
<return>
<value>${resposta.json()['token']}</value>
<status status="PASS" start="2024-10-07T20:28:40.546494" elapsed="0.000000"/>
</return>
<msg time="2024-10-07T20:28:40.547822" level="INFO">${token} = eyJhbGciOiJIUzI1NiIsInR5cCI6IkpXVCJ9.eyJfaWQiOiI2NmRiNWRhNjQxNGM1YzYyNzYyMmQ2ZWYiLCJmdWxsTmFtZSI6IlFhLUNvZGVycy1TWVNBRE1JTiIsIm1haWwiOiJzeXNhZG1pbkBxYWNvZGVycy5jb20iLCJwYXNzd29yZCI6IiQyYiQxMCRsMXUwNHF...</msg>
<var>${token}</var>
<status status="PASS" start="2024-10-07T20:28:40.362083" elapsed="0.185739"/>
</kw>
<kw name="Create Dictionary" owner="BuiltIn">
<msg time="2024-10-07T20:28:40.548897" level="INFO">${body} = {'fullName': 'Franscisco Miguel', 'mail': '', 'password': 'Cfe@2024', 'accessProfile': 'ADMIN', 'cpf': '18404445155', 'confirmPassword': 'Cfe@2024'}</msg>
<var>${body}</var>
<arg>fullName=Franscisco Miguel</arg>
<arg>mail=${email_obrigatorio}</arg>
<arg>password=Cfe@2024</arg>
<arg>accessProfile=ADMIN</arg>
<arg>cpf=18404445155</arg>
<arg>confirmPassword=Cfe@2024</arg>
<doc>Creates and returns a dictionary based on the given ``items``.</doc>
<status status="PASS" start="2024-10-07T20:28:40.547822" elapsed="0.001075"/>
</kw>
<kw name="POST On Session" owner="RequestsLibrary">
<msg time="2024-10-07T20:28:40.606198" level="INFO">POST Request : url=https://lost.qacoders.dev.br/api/user/?token=eyJhbGciOiJIUzI1NiIsInR5cCI6IkpXVCJ9.eyJfaWQiOiI2NmRiNWRhNjQxNGM1YzYyNzYyMmQ2ZWYiLCJmdWxsTmFtZSI6IlFhLUNvZGVycy1TWVNBRE1JTiIsIm1haWwiOiJzeXNhZG1pbkBxYWNvZGVycy5jb20iLCJwYXNzd29yZCI6IiQyYiQxMCRsMXUwNHFZcmd3WHlGNHNKRnVIRE8uc3Z3eWVJWDkzTzdYVzBGWi5mNmp0WEN5bTBMVW5tQyIsImFjY2Vzc1Byb2ZpbGUiOiJTWVNBRE1JTiIsImNwZiI6IjExMTExMTExMTExIiwic3RhdHVzIjp0cnVlLCJhdWRpdCI6W3sicmVnaXN0ZXJlZEJ5Ijp7InVzZXJJZCI6IjExMTExMTExMTExMTExMTExMSIsInVzZXJMb2dpbiI6InN5c2FkbWluQHFhY29kZXJzLmNvbSJ9LCJyZWdpc3RyYXRpb25EYXRlIjoic2V4dGEtZmVpcmEsIDA2LzA5LzIwMjQsIDE2OjUzOjEwIEJSVCIsInJlZ2lzdHJhdGlvbk51bWJlciI6IjAxIiwiY29tcGFueUlkIjoiUWEuQ29kZXJzIiwiX2lkIjoiNjZkYjVkYTY0MTRjNWM2Mjc2MjJkNmYwIn1dLCJfX3YiOjAsImlhdCI6MTcyODM0MzcxNSwiZXhwIjoxNzI4NDMwMTE1fQ.bLrwaCdRntwJPJL2c7AFb25jAxToyGW_M2CI9BvPkq8 
 path_url=/api/user/?token=eyJhbGciOiJIUzI1NiIsInR5cCI6IkpXVCJ9.eyJfaWQiOiI2NmRiNWRhNjQxNGM1YzYyNzYyMmQ2ZWYiLCJmdWxsTmFtZSI6IlFhLUNvZGVycy1TWVNBRE1JTiIsIm1haWwiOiJzeXNhZG1pbkBxYWNvZGVycy5jb20iLCJwYXNzd29yZCI6IiQyYiQxMCRsMXUwNHFZcmd3WHlGNHNKRnVIRE8uc3Z3eWVJWDkzTzdYVzBGWi5mNmp0WEN5bTBMVW5tQyIsImFjY2Vzc1Byb2ZpbGUiOiJTWVNBRE1JTiIsImNwZiI6IjExMTExMTExMTExIiwic3RhdHVzIjp0cnVlLCJhdWRpdCI6W3sicmVnaXN0ZXJlZEJ5Ijp7InVzZXJJZCI6IjExMTExMTExMTExMTExMTExMSIsInVzZXJMb2dpbiI6InN5c2FkbWluQHFhY29kZXJzLmNvbSJ9LCJyZWdpc3RyYXRpb25EYXRlIjoic2V4dGEtZmVpcmEsIDA2LzA5LzIwMjQsIDE2OjUzOjEwIEJSVCIsInJlZ2lzdHJhdGlvbk51bWJlciI6IjAxIiwiY29tcGFueUlkIjoiUWEuQ29kZXJzIiwiX2lkIjoiNjZkYjVkYTY0MTRjNWM2Mjc2MjJkNmYwIn1dLCJfX3YiOjAsImlhdCI6MTcyODM0MzcxNSwiZXhwIjoxNzI4NDMwMTE1fQ.bLrwaCdRntwJPJL2c7AFb25jAxToyGW_M2CI9BvPkq8 
 headers={'User-Agent': 'python-requests/2.32.3', 'Accept-Encoding': 'gzip, deflate', 'accept': 'application/json', 'Connection': 'keep-alive', 'Content-Type': 'application/json', 'Content-Length': '148'} 
 body=b'{"fullName": "Franscisco Miguel", "mail": "", "password": "Cfe@2024", "accessProfile": "ADMIN", "cpf": "18404445155", "confirmPassword": "Cfe@2024"}' 
 </msg>
<msg time="2024-10-07T20:28:40.606198" level="INFO">POST Response : url=https://lost.qacoders.dev.br/api/user/?token=eyJhbGciOiJIUzI1NiIsInR5cCI6IkpXVCJ9.eyJfaWQiOiI2NmRiNWRhNjQxNGM1YzYyNzYyMmQ2ZWYiLCJmdWxsTmFtZSI6IlFhLUNvZGVycy1TWVNBRE1JTiIsIm1haWwiOiJzeXNhZG1pbkBxYWNvZGVycy5jb20iLCJwYXNzd29yZCI6IiQyYiQxMCRsMXUwNHFZcmd3WHlGNHNKRnVIRE8uc3Z3eWVJWDkzTzdYVzBGWi5mNmp0WEN5bTBMVW5tQyIsImFjY2Vzc1Byb2ZpbGUiOiJTWVNBRE1JTiIsImNwZiI6IjExMTExMTExMTExIiwic3RhdHVzIjp0cnVlLCJhdWRpdCI6W3sicmVnaXN0ZXJlZEJ5Ijp7InVzZXJJZCI6IjExMTExMTExMTExMTExMTExMSIsInVzZXJMb2dpbiI6InN5c2FkbWluQHFhY29kZXJzLmNvbSJ9LCJyZWdpc3RyYXRpb25EYXRlIjoic2V4dGEtZmVpcmEsIDA2LzA5LzIwMjQsIDE2OjUzOjEwIEJSVCIsInJlZ2lzdHJhdGlvbk51bWJlciI6IjAxIiwiY29tcGFueUlkIjoiUWEuQ29kZXJzIiwiX2lkIjoiNjZkYjVkYTY0MTRjNWM2Mjc2MjJkNmYwIn1dLCJfX3YiOjAsImlhdCI6MTcyODM0MzcxNSwiZXhwIjoxNzI4NDMwMTE1fQ.bLrwaCdRntwJPJL2c7AFb25jAxToyGW_M2CI9BvPkq8 
 status=400, reason=Bad Request 
 headers={'Server': 'nginx/1.18.0 (Ubuntu)', 'Date': 'Mon, 07 Oct 2024 23:28:36 GMT', 'Content-Type': 'application/json; charset=utf-8', 'Content-Length': '45', 'Connection': 'keep-alive', 'X-Powered-By': 'Express', 'Access-Control-Allow-Origin': '*', 'Access-Control-Allow-Methods': 'GET, POST, OPTIONS, PUT, PATCH, DELETE', 'Access-Control-Allow-Headers': 'Origin, X-Requested-With, Content-Type, Accept, Authorization', 'ETag': 'W/"2d-W4LNBQe5DqjEafYKlMmGFTWGYAw"'} 
 body={"error":["O campo e-mail é obrigatório."]} 
 </msg>
<msg time="2024-10-07T20:28:40.606198" level="INFO">${resposta} = &lt;Response [400]&gt;</msg>
<var>${resposta}</var>
<arg>alias=develop</arg>
<arg>url=/user/?token=${token}</arg>
<arg>json=${body}</arg>
<arg>expected_status=400</arg>
<doc>Sends a POST request on a previously created HTTP Session.</doc>
<status status="PASS" start="2024-10-07T20:28:40.548897" elapsed="0.057301"/>
</kw>
<kw name="Status Should Be" owner="RequestsLibrary">
<arg>400</arg>
<arg>${resposta}</arg>
<doc>Fails if response status code is different than the expected.</doc>
<status status="PASS" start="2024-10-07T20:28:40.606198" elapsed="0.000995"/>
</kw>
<kw name="Log" owner="BuiltIn">
<msg time="2024-10-07T20:28:40.608189" level="INFO">['O campo e-mail é obrigatório.']</msg>
<arg>${resposta.json()['error']}</arg>
<doc>Logs the given message with the given level.</doc>
<status status="PASS" start="2024-10-07T20:28:40.607193" elapsed="0.000996"/>
</kw>
<kw name="Should Be Equal As Strings" owner="BuiltIn">
<msg time="2024-10-07T20:28:40.609186" level="INFO">Argument types are:
&lt;class 'list'&gt;
&lt;class 'str'&gt;</msg>
<arg>${resposta.json()['error']}</arg>
<arg>['O campo e-mail é obrigatório.']</arg>
<doc>Fails if objects are unequal after converting them to strings.</doc>
<status status="PASS" start="2024-10-07T20:28:40.608189" elapsed="0.000997"/>
</kw>
<kw name="Session Exists" owner="RequestsLibrary">
<msg time="2024-10-07T20:28:40.610184" level="INFO">${return} = True</msg>
<var>${return}</var>
<arg>alias=develop</arg>
<doc>Return True if the session has been already created</doc>
<status status="PASS" start="2024-10-07T20:28:40.610184" elapsed="0.000000"/>
</kw>
<kw name="Log" owner="BuiltIn">
<msg time="2024-10-07T20:28:40.611179" level="INFO">True</msg>
<arg>${return}</arg>
<doc>Logs the given message with the given level.</doc>
<status status="PASS" start="2024-10-07T20:28:40.610184" elapsed="0.000995"/>
</kw>
<kw name="Delete All Sessions" owner="RequestsLibrary">
<msg time="2024-10-07T20:28:40.611179" level="INFO">Deleting All Sessions</msg>
<doc>Removes all the session objects</doc>
<status status="PASS" start="2024-10-07T20:28:40.611179" elapsed="0.000997"/>
</kw>
<kw name="Session Exists" owner="RequestsLibrary">
<msg time="2024-10-07T20:28:40.613174" level="INFO">${return} = False</msg>
<var>${return}</var>
<arg>alias=develop</arg>
<doc>Return True if the session has been already created</doc>
<status status="PASS" start="2024-10-07T20:28:40.612176" elapsed="0.000998"/>
</kw>
<kw name="Log" owner="BuiltIn">
<msg time="2024-10-07T20:28:40.614169" level="INFO">False</msg>
<arg>${return}</arg>
<doc>Logs the given message with the given level.</doc>
<status status="PASS" start="2024-10-07T20:28:40.613174" elapsed="0.000995"/>
</kw>
<status status="PASS" start="2024-10-07T20:28:40.361080" elapsed="0.253089"/>
</kw>
<status status="PASS" start="2024-10-07T20:28:40.360365" elapsed="0.253804"/>
</test>
<doc>Pegar Token</doc>
<status status="PASS" start="2024-10-07T20:28:37.846779" elapsed="2.769385"/>
</suite>
<statistics>
<total>
<stat pass="5" fail="0" skip="0">All Tests</stat>
</total>
<tag>
</tag>
<suite>
<stat pass="5" fail="0" skip="0" id="s1" name="Cadastrar Usuario">Cadastrar Usuario</stat>
</suite>
</statistics>
<errors>
</errors>
</robot>
