<?xml version="1.0" encoding="UTF-8"?>
<robot generator="Robot 7.0.1 (Python 3.12.5 on win32)" generated="2024-10-07T21:39:20.833826" rpa="false" schemaversion="5">
<suite id="s1" name="Delete" source="C:\Users\sandr\Downloads\cristian\QACoders\Academy\Robot-API\API\testes\delete.robot">
<test id="s1-t1" name="Deletar usuario" line="17">
<kw name="Deletar usuario">
<kw name="Pegar token">
<kw name="Create Dictionary" owner="BuiltIn">
<msg time="2024-10-07T21:39:21.158131" level="INFO">${body} = {'mail': 'sysadmin@qacoders.com', 'password': '1234@Test'}</msg>
<var>${body}</var>
<arg>mail=${email_admin}</arg>
<arg>password=${senha_admin}</arg>
<doc>Creates and returns a dictionary based on the given ``items``.</doc>
<status status="PASS" start="2024-10-07T21:39:21.158131" elapsed="0.000000"/>
</kw>
<kw name="Criar sessao">
<kw name="Create Dictionary" owner="BuiltIn">
<msg time="2024-10-07T21:39:21.158131" level="INFO">${headers} = {'accept': 'application/json', 'Content-Type': 'application/json'}</msg>
<var>${headers}</var>
<arg>accept=application/json</arg>
<arg>Content-Type=application/json</arg>
<doc>Creates and returns a dictionary based on the given ``items``.</doc>
<status status="PASS" start="2024-10-07T21:39:21.158131" elapsed="0.000000"/>
</kw>
<kw name="Create Session" owner="RequestsLibrary">
<msg time="2024-10-07T21:39:21.158131" level="INFO">Creating Session using : alias=develop, url=https://lost.qacoders.dev.br/api, headers={'accept': 'application/json', 'Content-Type': 'application/json'},                     cookies={}, auth=None, timeout=None, proxies=None, verify=True,                     debug=0 </msg>
<arg>alias=develop</arg>
<arg>url=${baseUrl}</arg>
<arg>headers=${headers}</arg>
<arg>verify=true</arg>
<doc>Create Session: create a HTTP session to a server</doc>
<status status="PASS" start="2024-10-07T21:39:21.158131" elapsed="0.000997"/>
</kw>
<status status="PASS" start="2024-10-07T21:39:21.158131" elapsed="0.000997"/>
</kw>
<kw name="POST On Session" owner="RequestsLibrary">
<msg time="2024-10-07T21:39:22.364348" level="INFO">POST Request : url=https://lost.qacoders.dev.br/api/login 
 path_url=/api/login 
 headers={'User-Agent': 'python-requests/2.32.3', 'Accept-Encoding': 'gzip, deflate', 'accept': 'application/json', 'Connection': 'keep-alive', 'Content-Type': 'application/json', 'Content-Length': '58'} 
 body=b'{"mail": "sysadmin@qacoders.com", "password": "1234@Test"}' 
 </msg>
<msg time="2024-10-07T21:39:22.364348" level="INFO">POST Response : url=https://lost.qacoders.dev.br/api/login 
 status=200, reason=OK 
 headers={'Server': 'nginx/1.18.0 (Ubuntu)', 'Date': 'Tue, 08 Oct 2024 00:39:17 GMT', 'Content-Type': 'application/json; charset=utf-8', 'Transfer-Encoding': 'chunked', 'Connection': 'keep-alive', 'X-Powered-By': 'Express', 'Access-Control-Allow-Origin': '*', 'Access-Control-Allow-Methods': 'GET, POST, OPTIONS, PUT, PATCH, DELETE', 'Access-Control-Allow-Headers': 'Origin, X-Requested-With, Content-Type, Accept, Authorization', 'ETag': 'W/"534-jbCu6eDMMBXM+bU30PK9wb9ni6k"', 'Content-Encoding': 'gzip'} 
 body={"msg":"Olá Qa-Coders-SYSADMIN, autenticação autorizada com sucesso!","user":{"_id":"66db5da6414c5c627622d6ef","fullName":"Qa-Coders-SYSADMIN","mail":"sysadmin@qacoders.com","password":"$2b$10$l1u04qYrgwXyF4sJFuHDO.svwyeIX93O7XW0FZ.f6jtXCym0LUnmC","accessProfile":"SYSADMIN","cpf":"11111111111","status":true,"audit":[{"registeredBy":{"userId":"111111111111111111","userLogin":"sysadmin@qacoders.com"},"registrationDate":"sexta-feira, 06/09/2024, 16:53:10 BRT","registrationNumber":"01","companyId":"Qa.Coders","_id":"66db5da6414c5c627622d6f0"}],"__v":0},"token":"eyJhbGciOiJIUzI1NiIsInR5cCI6IkpXVCJ9.eyJfaWQiOiI2NmRiNWRhNjQxNGM1YzYyNzYyMmQ2ZWYiLCJmdWxsTmFtZSI6IlFhLUNvZGVycy1TWVNBRE1JTiIsIm1haWwiOiJzeXNhZG1pbkBxYWNvZGVycy5jb20iLCJwYXNzd29yZCI6IiQyYiQxMCRsMXUwNHFZcmd3WHlGNHNKRnVIRE8uc3Z3eWVJWDkzTzdYVzBGWi5mNmp0WEN5bTBMVW5tQyIsImFjY2Vzc1Byb2ZpbGUiOiJTWVNBRE1JTiIsImNwZiI6IjExMTExMTExMTExIiwic3RhdHVzIjp0cnVlLCJhdWRpdCI6W3sicmVnaXN0ZXJlZEJ5Ijp7InVzZXJJZCI6IjExMTExMTExMTExMTExMTExMSIsInVzZXJMb2dpbiI6InN5c2FkbWluQHFhY29kZXJzLmNvbSJ9LCJyZWdpc3RyYXRpb25EYXRlIjoic2V4dGEtZmVpcmEsIDA2LzA5LzIwMjQsIDE2OjUzOjEwIEJSVCIsInJlZ2lzdHJhdGlvbk51bWJlciI6IjAxIiwiY29tcGFueUlkIjoiUWEuQ29kZXJzIiwiX2lkIjoiNjZkYjVkYTY0MTRjNWM2Mjc2MjJkNmYwIn1dLCJfX3YiOjAsImlhdCI6MTcyODM0Nzk1NywiZXhwIjoxNzI4NDM0MzU3fQ.SHZIpPOuUoYaaomvlQ8avsOqTuuT-RUIHJNIsRHUF2Y"} 
 </msg>
<msg time="2024-10-07T21:39:22.364348" level="INFO">${resposta} = &lt;Response [200]&gt;</msg>
<var>${resposta}</var>
<arg>alias=develop</arg>
<arg>url=/login</arg>
<arg>json=${body}</arg>
<arg>expected_status=200</arg>
<doc>Sends a POST request on a previously created HTTP Session.</doc>
<status status="PASS" start="2024-10-07T21:39:21.159128" elapsed="1.205220"/>
</kw>
<kw name="Log To Console" owner="BuiltIn">
<arg>${resposta}</arg>
<doc>Logs the given message to the console.</doc>
<status status="PASS" start="2024-10-07T21:39:22.365419" elapsed="0.000000"/>
</kw>
<kw name="Log To Console" owner="BuiltIn">
<arg>${resposta.json()['token']}</arg>
<doc>Logs the given message to the console.</doc>
<status status="PASS" start="2024-10-07T21:39:22.365419" elapsed="0.002374"/>
</kw>
<kw name="Log" owner="BuiltIn">
<msg time="2024-10-07T21:39:22.367793" level="INFO">&lt;Response [200]&gt;</msg>
<arg>${resposta}</arg>
<doc>Logs the given message with the given level.</doc>
<status status="PASS" start="2024-10-07T21:39:22.367793" elapsed="0.000000"/>
</kw>
<kw name="Log" owner="BuiltIn">
<msg time="2024-10-07T21:39:22.368809" level="INFO">eyJhbGciOiJIUzI1NiIsInR5cCI6IkpXVCJ9.eyJfaWQiOiI2NmRiNWRhNjQxNGM1YzYyNzYyMmQ2ZWYiLCJmdWxsTmFtZSI6IlFhLUNvZGVycy1TWVNBRE1JTiIsIm1haWwiOiJzeXNhZG1pbkBxYWNvZGVycy5jb20iLCJwYXNzd29yZCI6IiQyYiQxMCRsMXUwNHFZcmd3WHlGNHNKRnVIRE8uc3Z3eWVJWDkzTzdYVzBGWi5mNmp0WEN5bTBMVW5tQyIsImFjY2Vzc1Byb2ZpbGUiOiJTWVNBRE1JTiIsImNwZiI6IjExMTExMTExMTExIiwic3RhdHVzIjp0cnVlLCJhdWRpdCI6W3sicmVnaXN0ZXJlZEJ5Ijp7InVzZXJJZCI6IjExMTExMTExMTExMTExMTExMSIsInVzZXJMb2dpbiI6InN5c2FkbWluQHFhY29kZXJzLmNvbSJ9LCJyZWdpc3RyYXRpb25EYXRlIjoic2V4dGEtZmVpcmEsIDA2LzA5LzIwMjQsIDE2OjUzOjEwIEJSVCIsInJlZ2lzdHJhdGlvbk51bWJlciI6IjAxIiwiY29tcGFueUlkIjoiUWEuQ29kZXJzIiwiX2lkIjoiNjZkYjVkYTY0MTRjNWM2Mjc2MjJkNmYwIn1dLCJfX3YiOjAsImlhdCI6MTcyODM0Nzk1NywiZXhwIjoxNzI4NDM0MzU3fQ.SHZIpPOuUoYaaomvlQ8avsOqTuuT-RUIHJNIsRHUF2Y</msg>
<arg>${resposta.json()['token']}</arg>
<doc>Logs the given message with the given level.</doc>
<status status="PASS" start="2024-10-07T21:39:22.368809" elapsed="0.000000"/>
</kw>
<return>
<value>${resposta.json()['token']}</value>
<status status="PASS" start="2024-10-07T21:39:22.368809" elapsed="0.000000"/>
</return>
<kw name="Session Exists" owner="RequestsLibrary">
<var>${return}</var>
<arg>alias=develop</arg>
<doc>Return True if the session has been already created</doc>
<status status="NOT RUN" start="2024-10-07T21:39:22.369806" elapsed="0.000000"/>
</kw>
<kw name="Log" owner="BuiltIn">
<arg>${return}</arg>
<doc>Logs the given message with the given level.</doc>
<status status="NOT RUN" start="2024-10-07T21:39:22.369806" elapsed="0.000000"/>
</kw>
<kw name="Delete All Sessions" owner="RequestsLibrary">
<doc>Removes all the session objects</doc>
<status status="NOT RUN" start="2024-10-07T21:39:22.369806" elapsed="0.000000"/>
</kw>
<kw name="Session Exists" owner="RequestsLibrary">
<var>${return}</var>
<arg>alias=develop</arg>
<doc>Return True if the session has been already created</doc>
<status status="NOT RUN" start="2024-10-07T21:39:22.369806" elapsed="0.000000"/>
</kw>
<kw name="Log" owner="BuiltIn">
<arg>${return}</arg>
<doc>Logs the given message with the given level.</doc>
<status status="NOT RUN" start="2024-10-07T21:39:22.369806" elapsed="0.000000"/>
</kw>
<msg time="2024-10-07T21:39:22.370801" level="INFO">${token} = eyJhbGciOiJIUzI1NiIsInR5cCI6IkpXVCJ9.eyJfaWQiOiI2NmRiNWRhNjQxNGM1YzYyNzYyMmQ2ZWYiLCJmdWxsTmFtZSI6IlFhLUNvZGVycy1TWVNBRE1JTiIsIm1haWwiOiJzeXNhZG1pbkBxYWNvZGVycy5jb20iLCJwYXNzd29yZCI6IiQyYiQxMCRsMXUwNHF...</msg>
<var>${token}</var>
<status status="PASS" start="2024-10-07T21:39:21.157064" elapsed="1.213737"/>
</kw>
<kw name="DELETE On Session" owner="RequestsLibrary">
<msg time="2024-10-07T21:39:22.416124" level="INFO">DELETE Request : url=https://lost.qacoders.dev.br/api/user/67047e97b219fa520523dcb6?token=eyJhbGciOiJIUzI1NiIsInR5cCI6IkpXVCJ9.eyJfaWQiOiI2NmRiNWRhNjQxNGM1YzYyNzYyMmQ2ZWYiLCJmdWxsTmFtZSI6IlFhLUNvZGVycy1TWVNBRE1JTiIsIm1haWwiOiJzeXNhZG1pbkBxYWNvZGVycy5jb20iLCJwYXNzd29yZCI6IiQyYiQxMCRsMXUwNHFZcmd3WHlGNHNKRnVIRE8uc3Z3eWVJWDkzTzdYVzBGWi5mNmp0WEN5bTBMVW5tQyIsImFjY2Vzc1Byb2ZpbGUiOiJTWVNBRE1JTiIsImNwZiI6IjExMTExMTExMTExIiwic3RhdHVzIjp0cnVlLCJhdWRpdCI6W3sicmVnaXN0ZXJlZEJ5Ijp7InVzZXJJZCI6IjExMTExMTExMTExMTExMTExMSIsInVzZXJMb2dpbiI6InN5c2FkbWluQHFhY29kZXJzLmNvbSJ9LCJyZWdpc3RyYXRpb25EYXRlIjoic2V4dGEtZmVpcmEsIDA2LzA5LzIwMjQsIDE2OjUzOjEwIEJSVCIsInJlZ2lzdHJhdGlvbk51bWJlciI6IjAxIiwiY29tcGFueUlkIjoiUWEuQ29kZXJzIiwiX2lkIjoiNjZkYjVkYTY0MTRjNWM2Mjc2MjJkNmYwIn1dLCJfX3YiOjAsImlhdCI6MTcyODM0Nzk1NywiZXhwIjoxNzI4NDM0MzU3fQ.SHZIpPOuUoYaaomvlQ8avsOqTuuT-RUIHJNIsRHUF2Y 
 path_url=/api/user/67047e97b219fa520523dcb6?token=eyJhbGciOiJIUzI1NiIsInR5cCI6IkpXVCJ9.eyJfaWQiOiI2NmRiNWRhNjQxNGM1YzYyNzYyMmQ2ZWYiLCJmdWxsTmFtZSI6IlFhLUNvZGVycy1TWVNBRE1JTiIsIm1haWwiOiJzeXNhZG1pbkBxYWNvZGVycy5jb20iLCJwYXNzd29yZCI6IiQyYiQxMCRsMXUwNHFZcmd3WHlGNHNKRnVIRE8uc3Z3eWVJWDkzTzdYVzBGWi5mNmp0WEN5bTBMVW5tQyIsImFjY2Vzc1Byb2ZpbGUiOiJTWVNBRE1JTiIsImNwZiI6IjExMTExMTExMTExIiwic3RhdHVzIjp0cnVlLCJhdWRpdCI6W3sicmVnaXN0ZXJlZEJ5Ijp7InVzZXJJZCI6IjExMTExMTExMTExMTExMTExMSIsInVzZXJMb2dpbiI6InN5c2FkbWluQHFhY29kZXJzLmNvbSJ9LCJyZWdpc3RyYXRpb25EYXRlIjoic2V4dGEtZmVpcmEsIDA2LzA5LzIwMjQsIDE2OjUzOjEwIEJSVCIsInJlZ2lzdHJhdGlvbk51bWJlciI6IjAxIiwiY29tcGFueUlkIjoiUWEuQ29kZXJzIiwiX2lkIjoiNjZkYjVkYTY0MTRjNWM2Mjc2MjJkNmYwIn1dLCJfX3YiOjAsImlhdCI6MTcyODM0Nzk1NywiZXhwIjoxNzI4NDM0MzU3fQ.SHZIpPOuUoYaaomvlQ8avsOqTuuT-RUIHJNIsRHUF2Y 
 headers={'User-Agent': 'python-requests/2.32.3', 'Accept-Encoding': 'gzip, deflate', 'accept': 'application/json', 'Connection': 'keep-alive', 'Content-Type': 'application/json', 'Content-Length': '0'} 
 body=None 
 </msg>
<msg time="2024-10-07T21:39:22.417170" level="INFO">DELETE Response : url=https://lost.qacoders.dev.br/api/user/67047e97b219fa520523dcb6?token=eyJhbGciOiJIUzI1NiIsInR5cCI6IkpXVCJ9.eyJfaWQiOiI2NmRiNWRhNjQxNGM1YzYyNzYyMmQ2ZWYiLCJmdWxsTmFtZSI6IlFhLUNvZGVycy1TWVNBRE1JTiIsIm1haWwiOiJzeXNhZG1pbkBxYWNvZGVycy5jb20iLCJwYXNzd29yZCI6IiQyYiQxMCRsMXUwNHFZcmd3WHlGNHNKRnVIRE8uc3Z3eWVJWDkzTzdYVzBGWi5mNmp0WEN5bTBMVW5tQyIsImFjY2Vzc1Byb2ZpbGUiOiJTWVNBRE1JTiIsImNwZiI6IjExMTExMTExMTExIiwic3RhdHVzIjp0cnVlLCJhdWRpdCI6W3sicmVnaXN0ZXJlZEJ5Ijp7InVzZXJJZCI6IjExMTExMTExMTExMTExMTExMSIsInVzZXJMb2dpbiI6InN5c2FkbWluQHFhY29kZXJzLmNvbSJ9LCJyZWdpc3RyYXRpb25EYXRlIjoic2V4dGEtZmVpcmEsIDA2LzA5LzIwMjQsIDE2OjUzOjEwIEJSVCIsInJlZ2lzdHJhdGlvbk51bWJlciI6IjAxIiwiY29tcGFueUlkIjoiUWEuQ29kZXJzIiwiX2lkIjoiNjZkYjVkYTY0MTRjNWM2Mjc2MjJkNmYwIn1dLCJfX3YiOjAsImlhdCI6MTcyODM0Nzk1NywiZXhwIjoxNzI4NDM0MzU3fQ.SHZIpPOuUoYaaomvlQ8avsOqTuuT-RUIHJNIsRHUF2Y 
 status=200, reason=OK 
 headers={'Server': 'nginx/1.18.0 (Ubuntu)', 'Date': 'Tue, 08 Oct 2024 00:39:17 GMT', 'Content-Type': 'application/json; charset=utf-8', 'Transfer-Encoding': 'chunked', 'Connection': 'keep-alive', 'X-Powered-By': 'Express', 'Access-Control-Allow-Origin': '*', 'Access-Control-Allow-Methods': 'GET, POST, OPTIONS, PUT, PATCH, DELETE', 'Access-Control-Allow-Headers': 'Origin, X-Requested-With, Content-Type, Accept, Authorization', 'ETag': 'W/"29-IUA1pAxzyv+fOLNSgXJhr0O2/to"', 'Content-Encoding': 'gzip'} 
 body={"msg":"Usuário deletado com sucesso!."} 
 </msg>
<msg time="2024-10-07T21:39:22.417170" level="INFO">${resposta} = &lt;Response [200]&gt;</msg>
<var>${resposta}</var>
<arg>alias=develop</arg>
<arg>url=/user/${id_user}?token=${token}</arg>
<arg>expected_status=200</arg>
<doc>Sends a DELETE request on a previously created HTTP Session.</doc>
<status status="PASS" start="2024-10-07T21:39:22.370801" elapsed="0.046369"/>
</kw>
<kw name="Log" owner="BuiltIn">
<msg time="2024-10-07T21:39:22.417170" level="INFO">Usuário deletado com sucesso!.</msg>
<arg>${resposta.json()['msg']}</arg>
<doc>Logs the given message with the given level.</doc>
<status status="PASS" start="2024-10-07T21:39:22.417170" elapsed="0.000000"/>
</kw>
<kw name="Should Be Equal As Strings" owner="BuiltIn">
<arg>${resposta.json()['msg']}</arg>
<arg>Usuário deletado com sucesso!.</arg>
<doc>Fails if objects are unequal after converting them to strings.</doc>
<status status="PASS" start="2024-10-07T21:39:22.417170" elapsed="0.001037"/>
</kw>
<status status="PASS" start="2024-10-07T21:39:21.157064" elapsed="1.261143"/>
</kw>
<status status="PASS" start="2024-10-07T21:39:21.157064" elapsed="1.261656"/>
</test>
<test id="s1-t2" name="Tentar deletar usuario inexistente na base de dados" line="19">
<kw name="Usuario inexistente">
<kw name="Pegar token">
<kw name="Create Dictionary" owner="BuiltIn">
<msg time="2024-10-07T21:39:22.420130" level="INFO">${body} = {'mail': 'sysadmin@qacoders.com', 'password': '1234@Test'}</msg>
<var>${body}</var>
<arg>mail=${email_admin}</arg>
<arg>password=${senha_admin}</arg>
<doc>Creates and returns a dictionary based on the given ``items``.</doc>
<status status="PASS" start="2024-10-07T21:39:22.420130" elapsed="0.000000"/>
</kw>
<kw name="Criar sessao">
<kw name="Create Dictionary" owner="BuiltIn">
<msg time="2024-10-07T21:39:22.421131" level="INFO">${headers} = {'accept': 'application/json', 'Content-Type': 'application/json'}</msg>
<var>${headers}</var>
<arg>accept=application/json</arg>
<arg>Content-Type=application/json</arg>
<doc>Creates and returns a dictionary based on the given ``items``.</doc>
<status status="PASS" start="2024-10-07T21:39:22.421131" elapsed="0.000000"/>
</kw>
<kw name="Create Session" owner="RequestsLibrary">
<msg time="2024-10-07T21:39:22.421131" level="INFO">Creating Session using : alias=develop, url=https://lost.qacoders.dev.br/api, headers={'accept': 'application/json', 'Content-Type': 'application/json'},                     cookies={}, auth=None, timeout=None, proxies=None, verify=True,                     debug=0 </msg>
<arg>alias=develop</arg>
<arg>url=${baseUrl}</arg>
<arg>headers=${headers}</arg>
<arg>verify=true</arg>
<doc>Create Session: create a HTTP session to a server</doc>
<status status="PASS" start="2024-10-07T21:39:22.421131" elapsed="0.000000"/>
</kw>
<status status="PASS" start="2024-10-07T21:39:22.421131" elapsed="0.000000"/>
</kw>
<kw name="POST On Session" owner="RequestsLibrary">
<msg time="2024-10-07T21:39:22.595439" level="INFO">POST Request : url=https://lost.qacoders.dev.br/api/login 
 path_url=/api/login 
 headers={'User-Agent': 'python-requests/2.32.3', 'Accept-Encoding': 'gzip, deflate', 'accept': 'application/json', 'Connection': 'keep-alive', 'Content-Type': 'application/json', 'Content-Length': '58'} 
 body=b'{"mail": "sysadmin@qacoders.com", "password": "1234@Test"}' 
 </msg>
<msg time="2024-10-07T21:39:22.595439" level="INFO">POST Response : url=https://lost.qacoders.dev.br/api/login 
 status=200, reason=OK 
 headers={'Server': 'nginx/1.18.0 (Ubuntu)', 'Date': 'Tue, 08 Oct 2024 00:39:17 GMT', 'Content-Type': 'application/json; charset=utf-8', 'Transfer-Encoding': 'chunked', 'Connection': 'keep-alive', 'X-Powered-By': 'Express', 'Access-Control-Allow-Origin': '*', 'Access-Control-Allow-Methods': 'GET, POST, OPTIONS, PUT, PATCH, DELETE', 'Access-Control-Allow-Headers': 'Origin, X-Requested-With, Content-Type, Accept, Authorization', 'ETag': 'W/"534-jbCu6eDMMBXM+bU30PK9wb9ni6k"', 'Content-Encoding': 'gzip'} 
 body={"msg":"Olá Qa-Coders-SYSADMIN, autenticação autorizada com sucesso!","user":{"_id":"66db5da6414c5c627622d6ef","fullName":"Qa-Coders-SYSADMIN","mail":"sysadmin@qacoders.com","password":"$2b$10$l1u04qYrgwXyF4sJFuHDO.svwyeIX93O7XW0FZ.f6jtXCym0LUnmC","accessProfile":"SYSADMIN","cpf":"11111111111","status":true,"audit":[{"registeredBy":{"userId":"111111111111111111","userLogin":"sysadmin@qacoders.com"},"registrationDate":"sexta-feira, 06/09/2024, 16:53:10 BRT","registrationNumber":"01","companyId":"Qa.Coders","_id":"66db5da6414c5c627622d6f0"}],"__v":0},"token":"eyJhbGciOiJIUzI1NiIsInR5cCI6IkpXVCJ9.eyJfaWQiOiI2NmRiNWRhNjQxNGM1YzYyNzYyMmQ2ZWYiLCJmdWxsTmFtZSI6IlFhLUNvZGVycy1TWVNBRE1JTiIsIm1haWwiOiJzeXNhZG1pbkBxYWNvZGVycy5jb20iLCJwYXNzd29yZCI6IiQyYiQxMCRsMXUwNHFZcmd3WHlGNHNKRnVIRE8uc3Z3eWVJWDkzTzdYVzBGWi5mNmp0WEN5bTBMVW5tQyIsImFjY2Vzc1Byb2ZpbGUiOiJTWVNBRE1JTiIsImNwZiI6IjExMTExMTExMTExIiwic3RhdHVzIjp0cnVlLCJhdWRpdCI6W3sicmVnaXN0ZXJlZEJ5Ijp7InVzZXJJZCI6IjExMTExMTExMTExMTExMTExMSIsInVzZXJMb2dpbiI6InN5c2FkbWluQHFhY29kZXJzLmNvbSJ9LCJyZWdpc3RyYXRpb25EYXRlIjoic2V4dGEtZmVpcmEsIDA2LzA5LzIwMjQsIDE2OjUzOjEwIEJSVCIsInJlZ2lzdHJhdGlvbk51bWJlciI6IjAxIiwiY29tcGFueUlkIjoiUWEuQ29kZXJzIiwiX2lkIjoiNjZkYjVkYTY0MTRjNWM2Mjc2MjJkNmYwIn1dLCJfX3YiOjAsImlhdCI6MTcyODM0Nzk1NywiZXhwIjoxNzI4NDM0MzU3fQ.SHZIpPOuUoYaaomvlQ8avsOqTuuT-RUIHJNIsRHUF2Y"} 
 </msg>
<msg time="2024-10-07T21:39:22.596519" level="INFO">${resposta} = &lt;Response [200]&gt;</msg>
<var>${resposta}</var>
<arg>alias=develop</arg>
<arg>url=/login</arg>
<arg>json=${body}</arg>
<arg>expected_status=200</arg>
<doc>Sends a POST request on a previously created HTTP Session.</doc>
<status status="PASS" start="2024-10-07T21:39:22.421131" elapsed="0.175388"/>
</kw>
<kw name="Log To Console" owner="BuiltIn">
<arg>${resposta}</arg>
<doc>Logs the given message to the console.</doc>
<status status="PASS" start="2024-10-07T21:39:22.596519" elapsed="0.000922"/>
</kw>
<kw name="Log To Console" owner="BuiltIn">
<arg>${resposta.json()['token']}</arg>
<doc>Logs the given message to the console.</doc>
<status status="PASS" start="2024-10-07T21:39:22.597441" elapsed="0.002993"/>
</kw>
<kw name="Log" owner="BuiltIn">
<msg time="2024-10-07T21:39:22.600434" level="INFO">&lt;Response [200]&gt;</msg>
<arg>${resposta}</arg>
<doc>Logs the given message with the given level.</doc>
<status status="PASS" start="2024-10-07T21:39:22.600434" elapsed="0.000993"/>
</kw>
<kw name="Log" owner="BuiltIn">
<msg time="2024-10-07T21:39:22.601427" level="INFO">eyJhbGciOiJIUzI1NiIsInR5cCI6IkpXVCJ9.eyJfaWQiOiI2NmRiNWRhNjQxNGM1YzYyNzYyMmQ2ZWYiLCJmdWxsTmFtZSI6IlFhLUNvZGVycy1TWVNBRE1JTiIsIm1haWwiOiJzeXNhZG1pbkBxYWNvZGVycy5jb20iLCJwYXNzd29yZCI6IiQyYiQxMCRsMXUwNHFZcmd3WHlGNHNKRnVIRE8uc3Z3eWVJWDkzTzdYVzBGWi5mNmp0WEN5bTBMVW5tQyIsImFjY2Vzc1Byb2ZpbGUiOiJTWVNBRE1JTiIsImNwZiI6IjExMTExMTExMTExIiwic3RhdHVzIjp0cnVlLCJhdWRpdCI6W3sicmVnaXN0ZXJlZEJ5Ijp7InVzZXJJZCI6IjExMTExMTExMTExMTExMTExMSIsInVzZXJMb2dpbiI6InN5c2FkbWluQHFhY29kZXJzLmNvbSJ9LCJyZWdpc3RyYXRpb25EYXRlIjoic2V4dGEtZmVpcmEsIDA2LzA5LzIwMjQsIDE2OjUzOjEwIEJSVCIsInJlZ2lzdHJhdGlvbk51bWJlciI6IjAxIiwiY29tcGFueUlkIjoiUWEuQ29kZXJzIiwiX2lkIjoiNjZkYjVkYTY0MTRjNWM2Mjc2MjJkNmYwIn1dLCJfX3YiOjAsImlhdCI6MTcyODM0Nzk1NywiZXhwIjoxNzI4NDM0MzU3fQ.SHZIpPOuUoYaaomvlQ8avsOqTuuT-RUIHJNIsRHUF2Y</msg>
<arg>${resposta.json()['token']}</arg>
<doc>Logs the given message with the given level.</doc>
<status status="PASS" start="2024-10-07T21:39:22.601427" elapsed="0.000000"/>
</kw>
<return>
<value>${resposta.json()['token']}</value>
<status status="PASS" start="2024-10-07T21:39:22.601427" elapsed="0.000000"/>
</return>
<kw name="Session Exists" owner="RequestsLibrary">
<var>${return}</var>
<arg>alias=develop</arg>
<doc>Return True if the session has been already created</doc>
<status status="NOT RUN" start="2024-10-07T21:39:22.602424" elapsed="0.000000"/>
</kw>
<kw name="Log" owner="BuiltIn">
<arg>${return}</arg>
<doc>Logs the given message with the given level.</doc>
<status status="NOT RUN" start="2024-10-07T21:39:22.602424" elapsed="0.000000"/>
</kw>
<kw name="Delete All Sessions" owner="RequestsLibrary">
<doc>Removes all the session objects</doc>
<status status="NOT RUN" start="2024-10-07T21:39:22.602424" elapsed="0.000000"/>
</kw>
<kw name="Session Exists" owner="RequestsLibrary">
<var>${return}</var>
<arg>alias=develop</arg>
<doc>Return True if the session has been already created</doc>
<status status="NOT RUN" start="2024-10-07T21:39:22.602424" elapsed="0.000000"/>
</kw>
<kw name="Log" owner="BuiltIn">
<arg>${return}</arg>
<doc>Logs the given message with the given level.</doc>
<status status="NOT RUN" start="2024-10-07T21:39:22.602424" elapsed="0.000000"/>
</kw>
<msg time="2024-10-07T21:39:22.603419" level="INFO">${token} = eyJhbGciOiJIUzI1NiIsInR5cCI6IkpXVCJ9.eyJfaWQiOiI2NmRiNWRhNjQxNGM1YzYyNzYyMmQ2ZWYiLCJmdWxsTmFtZSI6IlFhLUNvZGVycy1TWVNBRE1JTiIsIm1haWwiOiJzeXNhZG1pbkBxYWNvZGVycy5jb20iLCJwYXNzd29yZCI6IiQyYiQxMCRsMXUwNHF...</msg>
<var>${token}</var>
<status status="PASS" start="2024-10-07T21:39:22.420130" elapsed="0.183289"/>
</kw>
<kw name="DELETE On Session" owner="RequestsLibrary">
<msg time="2024-10-07T21:39:22.654487" level="INFO">DELETE Request : url=https://lost.qacoders.dev.br/api/user/67047e97b219fa520523dcb6?token=eyJhbGciOiJIUzI1NiIsInR5cCI6IkpXVCJ9.eyJfaWQiOiI2NmRiNWRhNjQxNGM1YzYyNzYyMmQ2ZWYiLCJmdWxsTmFtZSI6IlFhLUNvZGVycy1TWVNBRE1JTiIsIm1haWwiOiJzeXNhZG1pbkBxYWNvZGVycy5jb20iLCJwYXNzd29yZCI6IiQyYiQxMCRsMXUwNHFZcmd3WHlGNHNKRnVIRE8uc3Z3eWVJWDkzTzdYVzBGWi5mNmp0WEN5bTBMVW5tQyIsImFjY2Vzc1Byb2ZpbGUiOiJTWVNBRE1JTiIsImNwZiI6IjExMTExMTExMTExIiwic3RhdHVzIjp0cnVlLCJhdWRpdCI6W3sicmVnaXN0ZXJlZEJ5Ijp7InVzZXJJZCI6IjExMTExMTExMTExMTExMTExMSIsInVzZXJMb2dpbiI6InN5c2FkbWluQHFhY29kZXJzLmNvbSJ9LCJyZWdpc3RyYXRpb25EYXRlIjoic2V4dGEtZmVpcmEsIDA2LzA5LzIwMjQsIDE2OjUzOjEwIEJSVCIsInJlZ2lzdHJhdGlvbk51bWJlciI6IjAxIiwiY29tcGFueUlkIjoiUWEuQ29kZXJzIiwiX2lkIjoiNjZkYjVkYTY0MTRjNWM2Mjc2MjJkNmYwIn1dLCJfX3YiOjAsImlhdCI6MTcyODM0Nzk1NywiZXhwIjoxNzI4NDM0MzU3fQ.SHZIpPOuUoYaaomvlQ8avsOqTuuT-RUIHJNIsRHUF2Y 
 path_url=/api/user/67047e97b219fa520523dcb6?token=eyJhbGciOiJIUzI1NiIsInR5cCI6IkpXVCJ9.eyJfaWQiOiI2NmRiNWRhNjQxNGM1YzYyNzYyMmQ2ZWYiLCJmdWxsTmFtZSI6IlFhLUNvZGVycy1TWVNBRE1JTiIsIm1haWwiOiJzeXNhZG1pbkBxYWNvZGVycy5jb20iLCJwYXNzd29yZCI6IiQyYiQxMCRsMXUwNHFZcmd3WHlGNHNKRnVIRE8uc3Z3eWVJWDkzTzdYVzBGWi5mNmp0WEN5bTBMVW5tQyIsImFjY2Vzc1Byb2ZpbGUiOiJTWVNBRE1JTiIsImNwZiI6IjExMTExMTExMTExIiwic3RhdHVzIjp0cnVlLCJhdWRpdCI6W3sicmVnaXN0ZXJlZEJ5Ijp7InVzZXJJZCI6IjExMTExMTExMTExMTExMTExMSIsInVzZXJMb2dpbiI6InN5c2FkbWluQHFhY29kZXJzLmNvbSJ9LCJyZWdpc3RyYXRpb25EYXRlIjoic2V4dGEtZmVpcmEsIDA2LzA5LzIwMjQsIDE2OjUzOjEwIEJSVCIsInJlZ2lzdHJhdGlvbk51bWJlciI6IjAxIiwiY29tcGFueUlkIjoiUWEuQ29kZXJzIiwiX2lkIjoiNjZkYjVkYTY0MTRjNWM2Mjc2MjJkNmYwIn1dLCJfX3YiOjAsImlhdCI6MTcyODM0Nzk1NywiZXhwIjoxNzI4NDM0MzU3fQ.SHZIpPOuUoYaaomvlQ8avsOqTuuT-RUIHJNIsRHUF2Y 
 headers={'User-Agent': 'python-requests/2.32.3', 'Accept-Encoding': 'gzip, deflate', 'accept': 'application/json', 'Connection': 'keep-alive', 'Content-Type': 'application/json', 'Content-Length': '0'} 
 body=None 
 </msg>
<msg time="2024-10-07T21:39:22.654487" level="INFO">DELETE Response : url=https://lost.qacoders.dev.br/api/user/67047e97b219fa520523dcb6?token=eyJhbGciOiJIUzI1NiIsInR5cCI6IkpXVCJ9.eyJfaWQiOiI2NmRiNWRhNjQxNGM1YzYyNzYyMmQ2ZWYiLCJmdWxsTmFtZSI6IlFhLUNvZGVycy1TWVNBRE1JTiIsIm1haWwiOiJzeXNhZG1pbkBxYWNvZGVycy5jb20iLCJwYXNzd29yZCI6IiQyYiQxMCRsMXUwNHFZcmd3WHlGNHNKRnVIRE8uc3Z3eWVJWDkzTzdYVzBGWi5mNmp0WEN5bTBMVW5tQyIsImFjY2Vzc1Byb2ZpbGUiOiJTWVNBRE1JTiIsImNwZiI6IjExMTExMTExMTExIiwic3RhdHVzIjp0cnVlLCJhdWRpdCI6W3sicmVnaXN0ZXJlZEJ5Ijp7InVzZXJJZCI6IjExMTExMTExMTExMTExMTExMSIsInVzZXJMb2dpbiI6InN5c2FkbWluQHFhY29kZXJzLmNvbSJ9LCJyZWdpc3RyYXRpb25EYXRlIjoic2V4dGEtZmVpcmEsIDA2LzA5LzIwMjQsIDE2OjUzOjEwIEJSVCIsInJlZ2lzdHJhdGlvbk51bWJlciI6IjAxIiwiY29tcGFueUlkIjoiUWEuQ29kZXJzIiwiX2lkIjoiNjZkYjVkYTY0MTRjNWM2Mjc2MjJkNmYwIn1dLCJfX3YiOjAsImlhdCI6MTcyODM0Nzk1NywiZXhwIjoxNzI4NDM0MzU3fQ.SHZIpPOuUoYaaomvlQ8avsOqTuuT-RUIHJNIsRHUF2Y 
 status=400, reason=Bad Request 
 headers={'Server': 'nginx/1.18.0 (Ubuntu)', 'Date': 'Tue, 08 Oct 2024 00:39:18 GMT', 'Content-Type': 'application/json; charset=utf-8', 'Content-Length': '63', 'Connection': 'keep-alive', 'X-Powered-By': 'Express', 'Access-Control-Allow-Origin': '*', 'Access-Control-Allow-Methods': 'GET, POST, OPTIONS, PUT, PATCH, DELETE', 'Access-Control-Allow-Headers': 'Origin, X-Requested-With, Content-Type, Accept, Authorization', 'ETag': 'W/"3f-O9rifBSrBsjLhsfGHBwqcfNkXcs"'} 
 body={"alert":["Esse usuário não existe em nossa base de dados."]} 
 </msg>
<msg time="2024-10-07T21:39:22.654487" level="INFO">${resposta} = &lt;Response [400]&gt;</msg>
<var>${resposta}</var>
<arg>alias=develop</arg>
<arg>url=/user/${id_user}?token=${token}</arg>
<arg>expected_status=400</arg>
<doc>Sends a DELETE request on a previously created HTTP Session.</doc>
<status status="PASS" start="2024-10-07T21:39:22.603419" elapsed="0.051068"/>
</kw>
<kw name="Log" owner="BuiltIn">
<msg time="2024-10-07T21:39:22.655506" level="INFO">['Esse usuário não existe em nossa base de dados.']</msg>
<arg>${resposta.json()['alert']}</arg>
<doc>Logs the given message with the given level.</doc>
<status status="PASS" start="2024-10-07T21:39:22.655506" elapsed="0.000000"/>
</kw>
<kw name="Should Be Equal As Strings" owner="BuiltIn">
<msg time="2024-10-07T21:39:22.656498" level="INFO">Argument types are:
&lt;class 'list'&gt;
&lt;class 'str'&gt;</msg>
<arg>${resposta.json()['alert']}</arg>
<arg>['Esse usuário não existe em nossa base de dados.']</arg>
<doc>Fails if objects are unequal after converting them to strings.</doc>
<status status="PASS" start="2024-10-07T21:39:22.655506" elapsed="0.000992"/>
</kw>
<status status="PASS" start="2024-10-07T21:39:22.420130" elapsed="0.236368"/>
</kw>
<status status="PASS" start="2024-10-07T21:39:22.419050" elapsed="0.238669"/>
</test>
<test id="s1-t3" name="Tentar deletar usuario utilizando token invalido" line="21">
<kw name="Token invalido">
<kw name="Pegar token">
<kw name="Create Dictionary" owner="BuiltIn">
<msg time="2024-10-07T21:39:22.660697" level="INFO">${body} = {'mail': 'sysadmin@qacoders.com', 'password': '1234@Test'}</msg>
<var>${body}</var>
<arg>mail=${email_admin}</arg>
<arg>password=${senha_admin}</arg>
<doc>Creates and returns a dictionary based on the given ``items``.</doc>
<status status="PASS" start="2024-10-07T21:39:22.660697" elapsed="0.000000"/>
</kw>
<kw name="Criar sessao">
<kw name="Create Dictionary" owner="BuiltIn">
<msg time="2024-10-07T21:39:22.661726" level="INFO">${headers} = {'accept': 'application/json', 'Content-Type': 'application/json'}</msg>
<var>${headers}</var>
<arg>accept=application/json</arg>
<arg>Content-Type=application/json</arg>
<doc>Creates and returns a dictionary based on the given ``items``.</doc>
<status status="PASS" start="2024-10-07T21:39:22.661726" elapsed="0.000000"/>
</kw>
<kw name="Create Session" owner="RequestsLibrary">
<msg time="2024-10-07T21:39:22.661726" level="INFO">Creating Session using : alias=develop, url=https://lost.qacoders.dev.br/api, headers={'accept': 'application/json', 'Content-Type': 'application/json'},                     cookies={}, auth=None, timeout=None, proxies=None, verify=True,                     debug=0 </msg>
<arg>alias=develop</arg>
<arg>url=${baseUrl}</arg>
<arg>headers=${headers}</arg>
<arg>verify=true</arg>
<doc>Create Session: create a HTTP session to a server</doc>
<status status="PASS" start="2024-10-07T21:39:22.661726" elapsed="0.000000"/>
</kw>
<status status="PASS" start="2024-10-07T21:39:22.660697" elapsed="0.001029"/>
</kw>
<kw name="POST On Session" owner="RequestsLibrary">
<msg time="2024-10-07T21:39:22.847716" level="INFO">POST Request : url=https://lost.qacoders.dev.br/api/login 
 path_url=/api/login 
 headers={'User-Agent': 'python-requests/2.32.3', 'Accept-Encoding': 'gzip, deflate', 'accept': 'application/json', 'Connection': 'keep-alive', 'Content-Type': 'application/json', 'Content-Length': '58'} 
 body=b'{"mail": "sysadmin@qacoders.com", "password": "1234@Test"}' 
 </msg>
<msg time="2024-10-07T21:39:22.847716" level="INFO">POST Response : url=https://lost.qacoders.dev.br/api/login 
 status=200, reason=OK 
 headers={'Server': 'nginx/1.18.0 (Ubuntu)', 'Date': 'Tue, 08 Oct 2024 00:39:18 GMT', 'Content-Type': 'application/json; charset=utf-8', 'Transfer-Encoding': 'chunked', 'Connection': 'keep-alive', 'X-Powered-By': 'Express', 'Access-Control-Allow-Origin': '*', 'Access-Control-Allow-Methods': 'GET, POST, OPTIONS, PUT, PATCH, DELETE', 'Access-Control-Allow-Headers': 'Origin, X-Requested-With, Content-Type, Accept, Authorization', 'ETag': 'W/"534-IyrL3wpBH3Gm/PqtH+A/jxGdmOE"', 'Content-Encoding': 'gzip'} 
 body={"msg":"Olá Qa-Coders-SYSADMIN, autenticação autorizada com sucesso!","user":{"_id":"66db5da6414c5c627622d6ef","fullName":"Qa-Coders-SYSADMIN","mail":"sysadmin@qacoders.com","password":"$2b$10$l1u04qYrgwXyF4sJFuHDO.svwyeIX93O7XW0FZ.f6jtXCym0LUnmC","accessProfile":"SYSADMIN","cpf":"11111111111","status":true,"audit":[{"registeredBy":{"userId":"111111111111111111","userLogin":"sysadmin@qacoders.com"},"registrationDate":"sexta-feira, 06/09/2024, 16:53:10 BRT","registrationNumber":"01","companyId":"Qa.Coders","_id":"66db5da6414c5c627622d6f0"}],"__v":0},"token":"eyJhbGciOiJIUzI1NiIsInR5cCI6IkpXVCJ9.eyJfaWQiOiI2NmRiNWRhNjQxNGM1YzYyNzYyMmQ2ZWYiLCJmdWxsTmFtZSI6IlFhLUNvZGVycy1TWVNBRE1JTiIsIm1haWwiOiJzeXNhZG1pbkBxYWNvZGVycy5jb20iLCJwYXNzd29yZCI6IiQyYiQxMCRsMXUwNHFZcmd3WHlGNHNKRnVIRE8uc3Z3eWVJWDkzTzdYVzBGWi5mNmp0WEN5bTBMVW5tQyIsImFjY2Vzc1Byb2ZpbGUiOiJTWVNBRE1JTiIsImNwZiI6IjExMTExMTExMTExIiwic3RhdHVzIjp0cnVlLCJhdWRpdCI6W3sicmVnaXN0ZXJlZEJ5Ijp7InVzZXJJZCI6IjExMTExMTExMTExMTExMTExMSIsInVzZXJMb2dpbiI6InN5c2FkbWluQHFhY29kZXJzLmNvbSJ9LCJyZWdpc3RyYXRpb25EYXRlIjoic2V4dGEtZmVpcmEsIDA2LzA5LzIwMjQsIDE2OjUzOjEwIEJSVCIsInJlZ2lzdHJhdGlvbk51bWJlciI6IjAxIiwiY29tcGFueUlkIjoiUWEuQ29kZXJzIiwiX2lkIjoiNjZkYjVkYTY0MTRjNWM2Mjc2MjJkNmYwIn1dLCJfX3YiOjAsImlhdCI6MTcyODM0Nzk1OCwiZXhwIjoxNzI4NDM0MzU4fQ.9K7GDOVoOCVN8cqUq4YOCEcG5UK3mrifq3ShD2jwT8I"} 
 </msg>
<msg time="2024-10-07T21:39:22.847716" level="INFO">${resposta} = &lt;Response [200]&gt;</msg>
<var>${resposta}</var>
<arg>alias=develop</arg>
<arg>url=/login</arg>
<arg>json=${body}</arg>
<arg>expected_status=200</arg>
<doc>Sends a POST request on a previously created HTTP Session.</doc>
<status status="PASS" start="2024-10-07T21:39:22.661726" elapsed="0.185990"/>
</kw>
<kw name="Log To Console" owner="BuiltIn">
<arg>${resposta}</arg>
<doc>Logs the given message to the console.</doc>
<status status="PASS" start="2024-10-07T21:39:22.847716" elapsed="0.000994"/>
</kw>
<kw name="Log To Console" owner="BuiltIn">
<arg>${resposta.json()['token']}</arg>
<doc>Logs the given message to the console.</doc>
<status status="PASS" start="2024-10-07T21:39:22.849637" elapsed="0.002218"/>
</kw>
<kw name="Log" owner="BuiltIn">
<msg time="2024-10-07T21:39:22.851855" level="INFO">&lt;Response [200]&gt;</msg>
<arg>${resposta}</arg>
<doc>Logs the given message with the given level.</doc>
<status status="PASS" start="2024-10-07T21:39:22.851855" elapsed="0.000000"/>
</kw>
<kw name="Log" owner="BuiltIn">
<msg time="2024-10-07T21:39:22.852849" level="INFO">eyJhbGciOiJIUzI1NiIsInR5cCI6IkpXVCJ9.eyJfaWQiOiI2NmRiNWRhNjQxNGM1YzYyNzYyMmQ2ZWYiLCJmdWxsTmFtZSI6IlFhLUNvZGVycy1TWVNBRE1JTiIsIm1haWwiOiJzeXNhZG1pbkBxYWNvZGVycy5jb20iLCJwYXNzd29yZCI6IiQyYiQxMCRsMXUwNHFZcmd3WHlGNHNKRnVIRE8uc3Z3eWVJWDkzTzdYVzBGWi5mNmp0WEN5bTBMVW5tQyIsImFjY2Vzc1Byb2ZpbGUiOiJTWVNBRE1JTiIsImNwZiI6IjExMTExMTExMTExIiwic3RhdHVzIjp0cnVlLCJhdWRpdCI6W3sicmVnaXN0ZXJlZEJ5Ijp7InVzZXJJZCI6IjExMTExMTExMTExMTExMTExMSIsInVzZXJMb2dpbiI6InN5c2FkbWluQHFhY29kZXJzLmNvbSJ9LCJyZWdpc3RyYXRpb25EYXRlIjoic2V4dGEtZmVpcmEsIDA2LzA5LzIwMjQsIDE2OjUzOjEwIEJSVCIsInJlZ2lzdHJhdGlvbk51bWJlciI6IjAxIiwiY29tcGFueUlkIjoiUWEuQ29kZXJzIiwiX2lkIjoiNjZkYjVkYTY0MTRjNWM2Mjc2MjJkNmYwIn1dLCJfX3YiOjAsImlhdCI6MTcyODM0Nzk1OCwiZXhwIjoxNzI4NDM0MzU4fQ.9K7GDOVoOCVN8cqUq4YOCEcG5UK3mrifq3ShD2jwT8I</msg>
<arg>${resposta.json()['token']}</arg>
<doc>Logs the given message with the given level.</doc>
<status status="PASS" start="2024-10-07T21:39:22.851855" elapsed="0.000994"/>
</kw>
<return>
<value>${resposta.json()['token']}</value>
<status status="PASS" start="2024-10-07T21:39:22.852849" elapsed="0.000000"/>
</return>
<kw name="Session Exists" owner="RequestsLibrary">
<var>${return}</var>
<arg>alias=develop</arg>
<doc>Return True if the session has been already created</doc>
<status status="NOT RUN" start="2024-10-07T21:39:22.852849" elapsed="0.000000"/>
</kw>
<kw name="Log" owner="BuiltIn">
<arg>${return}</arg>
<doc>Logs the given message with the given level.</doc>
<status status="NOT RUN" start="2024-10-07T21:39:22.852849" elapsed="0.000000"/>
</kw>
<kw name="Delete All Sessions" owner="RequestsLibrary">
<doc>Removes all the session objects</doc>
<status status="NOT RUN" start="2024-10-07T21:39:22.852849" elapsed="0.000000"/>
</kw>
<kw name="Session Exists" owner="RequestsLibrary">
<var>${return}</var>
<arg>alias=develop</arg>
<doc>Return True if the session has been already created</doc>
<status status="NOT RUN" start="2024-10-07T21:39:22.852849" elapsed="0.000000"/>
</kw>
<kw name="Log" owner="BuiltIn">
<arg>${return}</arg>
<doc>Logs the given message with the given level.</doc>
<status status="NOT RUN" start="2024-10-07T21:39:22.853844" elapsed="0.000000"/>
</kw>
<msg time="2024-10-07T21:39:22.853844" level="INFO">${token} = eyJhbGciOiJIUzI1NiIsInR5cCI6IkpXVCJ9.eyJfaWQiOiI2NmRiNWRhNjQxNGM1YzYyNzYyMmQ2ZWYiLCJmdWxsTmFtZSI6IlFhLUNvZGVycy1TWVNBRE1JTiIsIm1haWwiOiJzeXNhZG1pbkBxYWNvZGVycy5jb20iLCJwYXNzd29yZCI6IiQyYiQxMCRsMXUwNHF...</msg>
<var>${token}</var>
<status status="PASS" start="2024-10-07T21:39:22.660697" elapsed="0.193147"/>
</kw>
<kw name="DELETE On Session" owner="RequestsLibrary">
<msg time="2024-10-07T21:39:22.895222" level="INFO">DELETE Request : url=https://lost.qacoders.dev.br/api/user/67047e97b219fa520523dcb6?token=jgkjgkjgkgkjgk 
 path_url=/api/user/67047e97b219fa520523dcb6?token=jgkjgkjgkgkjgk 
 headers={'User-Agent': 'python-requests/2.32.3', 'Accept-Encoding': 'gzip, deflate', 'accept': 'application/json', 'Connection': 'keep-alive', 'Content-Type': 'application/json', 'Content-Length': '0'} 
 body=None 
 </msg>
<msg time="2024-10-07T21:39:22.895222" level="INFO">DELETE Response : url=https://lost.qacoders.dev.br/api/user/67047e97b219fa520523dcb6?token=jgkjgkjgkgkjgk 
 status=403, reason=Forbidden 
 headers={'Server': 'nginx/1.18.0 (Ubuntu)', 'Date': 'Tue, 08 Oct 2024 00:39:18 GMT', 'Content-Type': 'application/json; charset=utf-8', 'Transfer-Encoding': 'chunked', 'Connection': 'keep-alive', 'X-Powered-By': 'Express', 'Access-Control-Allow-Origin': '*', 'Access-Control-Allow-Methods': 'GET, POST, OPTIONS, PUT, PATCH, DELETE', 'Access-Control-Allow-Headers': 'Origin, X-Requested-With, Content-Type, Accept, Authorization', 'ETag': 'W/"2c-xKef5yLjBxNw1obTC++VAJHdlUI"', 'Content-Encoding': 'gzip'} 
 body={"errors":["Failed to authenticate token."]} 
 </msg>
<msg time="2024-10-07T21:39:22.895222" level="INFO">${resposta} = &lt;Response [403]&gt;</msg>
<var>${resposta}</var>
<arg>alias=develop</arg>
<arg>url=/user/${id_user}?token=${token_fail}</arg>
<arg>expected_status=403</arg>
<doc>Sends a DELETE request on a previously created HTTP Session.</doc>
<status status="PASS" start="2024-10-07T21:39:22.853844" elapsed="0.041378"/>
</kw>
<kw name="Status Should Be" owner="RequestsLibrary">
<arg>403</arg>
<arg>${resposta}</arg>
<doc>Fails if response status code is different than the expected.</doc>
<status status="PASS" start="2024-10-07T21:39:22.895222" elapsed="0.001004"/>
</kw>
<kw name="Log" owner="BuiltIn">
<msg time="2024-10-07T21:39:22.896226" level="INFO">['Failed to authenticate token.']</msg>
<arg>${resposta.json()['errors']}</arg>
<doc>Logs the given message with the given level.</doc>
<status status="PASS" start="2024-10-07T21:39:22.896226" elapsed="0.000000"/>
</kw>
<kw name="Should Be Equal As Strings" owner="BuiltIn">
<msg time="2024-10-07T21:39:22.897213" level="INFO">Argument types are:
&lt;class 'list'&gt;
&lt;class 'str'&gt;</msg>
<arg>${resposta.json()['errors']}</arg>
<arg>['Failed to authenticate token.']</arg>
<doc>Fails if objects are unequal after converting them to strings.</doc>
<status status="PASS" start="2024-10-07T21:39:22.897213" elapsed="0.000000"/>
</kw>
<status status="PASS" start="2024-10-07T21:39:22.659695" elapsed="0.237518"/>
</kw>
<status status="PASS" start="2024-10-07T21:39:22.658793" elapsed="0.239067"/>
</test>
<doc>Pegar Token</doc>
<status status="PASS" start="2024-10-07T21:39:20.835897" elapsed="2.062996"/>
</suite>
<statistics>
<total>
<stat pass="3" fail="0" skip="0">All Tests</stat>
</total>
<tag>
</tag>
<suite>
<stat pass="3" fail="0" skip="0" id="s1" name="Delete">Delete</stat>
</suite>
</statistics>
<errors>
</errors>
</robot>
