<?xml version="1.0" encoding="UTF-8"?>
<robot generator="Robot 7.0.1 (Python 3.12.5 on win32)" generated="2024-10-04T10:11:50.709107" rpa="false" schemaversion="5">
<suite id="s1" name="Tentativa login senha invalida" source="C:\Users\sandr\Downloads\cristian\QACoders\Academy\Robot-API\Tentativa_login_senha_invalida.robot">
<test id="s1-t1" name="Validar tentativa de login com senha invalida" line="15">
<kw name="Senha invalida">
<kw name="Create Dictionary" owner="BuiltIn">
<msg time="2024-10-04T10:11:51.083482" level="INFO">${body} = {'mail': 'sysadmin@qacoders.com', 'password': '51@Test'}</msg>
<var>${body}</var>
<arg>mail=${email_valido}</arg>
<arg>password=${senha_invalida}</arg>
<doc>Creates and returns a dictionary based on the given ``items``.</doc>
<status status="PASS" start="2024-10-04T10:11:51.083482" elapsed="0.000000"/>
</kw>
<kw name="Criar sessao">
<kw name="Create Dictionary" owner="BuiltIn">
<msg time="2024-10-04T10:11:51.084481" level="INFO">${headers} = {'accept': 'application/json', 'Content-Type': 'application/json'}</msg>
<var>${headers}</var>
<arg>accept=application/json</arg>
<arg>Content-Type=application/json</arg>
<doc>Creates and returns a dictionary based on the given ``items``.</doc>
<status status="PASS" start="2024-10-04T10:11:51.083482" elapsed="0.000999"/>
</kw>
<kw name="Create Session" owner="RequestsLibrary">
<msg time="2024-10-04T10:11:51.084481" level="INFO">Creating Session using : alias=develop, url=https://lost.qacoders.dev.br/api, headers={'accept': 'application/json', 'Content-Type': 'application/json'},                     cookies={}, auth=None, timeout=None, proxies=None, verify=True,                     debug=0 </msg>
<arg>alias=develop</arg>
<arg>url=${baseUrl}</arg>
<arg>headers=${headers}</arg>
<arg>verify=true</arg>
<doc>Create Session: create a HTTP session to a server</doc>
<status status="PASS" start="2024-10-04T10:11:51.084481" elapsed="0.000000"/>
</kw>
<status status="PASS" start="2024-10-04T10:11:51.083482" elapsed="0.000999"/>
</kw>
<kw name="POST On Session" owner="RequestsLibrary">
<msg time="2024-10-04T10:11:52.271759" level="INFO">POST Request : url=https://lost.qacoders.dev.br/api/login 
 path_url=/api/login 
 headers={'User-Agent': 'python-requests/2.32.3', 'Accept-Encoding': 'gzip, deflate', 'accept': 'application/json', 'Connection': 'keep-alive', 'Content-Type': 'application/json', 'Content-Length': '56'} 
 body=b'{"mail": "sysadmin@qacoders.com", "password": "51@Test"}' 
 </msg>
<msg time="2024-10-04T10:11:52.271759" level="INFO">POST Response : url=https://lost.qacoders.dev.br/api/login 
 status=400, reason=Bad Request 
 headers={'Server': 'nginx/1.18.0 (Ubuntu)', 'Date': 'Fri, 04 Oct 2024 13:11:48 GMT', 'Content-Type': 'application/json; charset=utf-8', 'Content-Length': '55', 'Connection': 'keep-alive', 'X-Powered-By': 'Express', 'Access-Control-Allow-Origin': '*', 'Access-Control-Allow-Methods': 'GET, POST, OPTIONS, PUT, PATCH, DELETE', 'Access-Control-Allow-Headers': 'Origin, X-Requested-With, Content-Type, Accept, Authorization', 'ETag': 'W/"37-9q6p8iabt/LayQQx7+su7bYXDck"'} 
 body={"alert":"E-mail ou senha informados são inválidos."} 
 </msg>
<msg time="2024-10-04T10:11:52.271759" level="INFO">${resposta} = &lt;Response [400]&gt;</msg>
<var>${resposta}</var>
<arg>alias=develop</arg>
<arg>url=/login</arg>
<arg>json=${body}</arg>
<arg>expected_status=400</arg>
<doc>Sends a POST request on a previously created HTTP Session.</doc>
<status status="PASS" start="2024-10-04T10:11:51.084481" elapsed="1.187278"/>
</kw>
<kw name="Log To Console" owner="BuiltIn">
<arg>${resposta}</arg>
<doc>Logs the given message to the console.</doc>
<status status="PASS" start="2024-10-04T10:11:52.271759" elapsed="0.000000"/>
</kw>
<kw name="Log To Console" owner="BuiltIn">
<arg>${resposta.json()}</arg>
<doc>Logs the given message to the console.</doc>
<status status="PASS" start="2024-10-04T10:11:52.271759" elapsed="0.000999"/>
</kw>
<kw name="Log" owner="BuiltIn">
<msg time="2024-10-04T10:11:52.272758" level="INFO">&lt;Response [400]&gt;</msg>
<arg>${resposta}</arg>
<doc>Logs the given message with the given level.</doc>
<status status="PASS" start="2024-10-04T10:11:52.272758" elapsed="0.000000"/>
</kw>
<kw name="Log" owner="BuiltIn">
<msg time="2024-10-04T10:11:52.272758" level="INFO">E-mail ou senha informados são inválidos.</msg>
<arg>${resposta.json()['alert']}</arg>
<doc>Logs the given message with the given level.</doc>
<status status="PASS" start="2024-10-04T10:11:52.272758" elapsed="0.000000"/>
</kw>
<kw name="Should Be Equal As Strings" owner="BuiltIn">
<arg>${resposta.json()['alert']}</arg>
<arg>E-mail ou senha informados são inválidos.</arg>
<doc>Fails if objects are unequal after converting them to strings.</doc>
<status status="PASS" start="2024-10-04T10:11:52.273824" elapsed="0.000000"/>
</kw>
<kw name="Session Exists" owner="RequestsLibrary">
<msg time="2024-10-04T10:11:52.273824" level="INFO">${return} = True</msg>
<var>${return}</var>
<arg>alias=develop</arg>
<doc>Return True if the session has been already created</doc>
<status status="PASS" start="2024-10-04T10:11:52.273824" elapsed="0.000000"/>
</kw>
<kw name="Log" owner="BuiltIn">
<msg time="2024-10-04T10:11:52.273824" level="INFO">True</msg>
<arg>${return}</arg>
<doc>Logs the given message with the given level.</doc>
<status status="PASS" start="2024-10-04T10:11:52.273824" elapsed="0.000000"/>
</kw>
<kw name="Delete All Sessions" owner="RequestsLibrary">
<msg time="2024-10-04T10:11:52.274820" level="INFO">Deleting All Sessions</msg>
<doc>Removes all the session objects</doc>
<status status="PASS" start="2024-10-04T10:11:52.273824" elapsed="0.000996"/>
</kw>
<kw name="Session Exists" owner="RequestsLibrary">
<msg time="2024-10-04T10:11:52.274820" level="INFO">${return} = False</msg>
<var>${return}</var>
<arg>alias=develop</arg>
<doc>Return True if the session has been already created</doc>
<status status="PASS" start="2024-10-04T10:11:52.274820" elapsed="0.000000"/>
</kw>
<kw name="Log" owner="BuiltIn">
<msg time="2024-10-04T10:11:52.274820" level="INFO">False</msg>
<arg>${return}</arg>
<doc>Logs the given message with the given level.</doc>
<status status="PASS" start="2024-10-04T10:11:52.274820" elapsed="0.000000"/>
</kw>
<status status="PASS" start="2024-10-04T10:11:51.082486" elapsed="1.192334"/>
</kw>
<status status="PASS" start="2024-10-04T10:11:51.081489" elapsed="1.194260"/>
</test>
<doc>Tentativa de login com email inválido</doc>
<status status="PASS" start="2024-10-04T10:11:50.710104" elapsed="1.565645"/>
</suite>
<statistics>
<total>
<stat pass="1" fail="0" skip="0">All Tests</stat>
</total>
<tag>
</tag>
<suite>
<stat pass="1" fail="0" skip="0" id="s1" name="Tentativa login senha invalida">Tentativa login senha invalida</stat>
</suite>
</statistics>
<errors>
</errors>
</robot>
